#
# There is insufficient memory for the Java Runtime Environment to continue.
# Native memory allocation (malloc) failed to allocate 1722576 bytes for Chunk::new
# Possible reasons:
#   The system is out of physical RAM or swap space
#   In 32 bit mode, the process size limit was hit
# Possible solutions:
#   Reduce memory load on the system
#   Increase physical memory or swap space
#   Check if swap backing store is full
#   Use 64 bit Java on a 64 bit OS
#   Decrease Java heap size (-Xmx/-Xms)
#   Decrease number of Java threads
#   Decrease Java thread stack sizes (-Xss)
#   Set larger code cache with -XX:ReservedCodeCacheSize=
# This output file may be truncated or incomplete.
#
#  Out of Memory Error (allocation.cpp:390), pid=2532, tid=0x00000000000013c4
#
# JRE version: OpenJDK Runtime Environment (8.0_152-b02) (build 1.8.0_152-release-1024-b02)
# Java VM: OpenJDK 64-Bit Server VM (25.152-b02 mixed mode windows-amd64 compressed oops)
# Failed to write core dump. Minidumps are not enabled by default on client versions of Windows
#

---------------  T H R E A D  ---------------

Current thread (0x000000001649d800):  JavaThread "C2 CompilerThread0" daemon [_thread_in_native, id=5060, stack(0x0000000017ad0000,0x0000000017bd0000)]

Stack: [0x0000000017ad0000,0x0000000017bd0000]
[error occurred during error reporting (printing stack bounds), id 0xc0000005]

Native frames: (J=compiled Java code, j=interpreted, Vv=VM code, C=native code)


Current CompileTask:
C2:3512117 12316       4       org.gradle.api.internal.project.taskfactory.DefaultTaskClassValidatorExtractor::mergeDeclaredAnnotations (218 bytes)


---------------  P R O C E S S  ---------------

Java Threads: ( => current thread )
  0x000000001c098800 JavaThread "Cache worker for file content cache (C:\emarketvendor\.gradle\4.4\fileContent)" [_thread_blocked, id=5992, stack(0x00000000208c0000,0x00000000209c0000)]
  0x000000001c097000 JavaThread "build operations Thread 4" [_thread_blocked, id=464, stack(0x0000000020070000,0x0000000020170000)]
  0x000000001c08f800 JavaThread "build operations Thread 3" [_thread_blocked, id=7560, stack(0x000000001e830000,0x000000001e930000)]
  0x000000001c096800 JavaThread "build operations Thread 2" [_thread_blocked, id=5468, stack(0x000000001e730000,0x000000001e830000)]
  0x000000001c094000 JavaThread "build operations" [_thread_blocked, id=4652, stack(0x000000001e630000,0x000000001e730000)]
  0x000000001c093800 JavaThread "Cache worker for Artifact transforms cache (C:\Users\ALEXANDRE\FamilyLife\.gradle\caches\transforms-1)" [_thread_blocked, id=2364, stack(0x000000001e330000,0x000000001e430000)]
  0x000000001c08f000 JavaThread "Cache worker for file hash cache (C:\emarketvendor\.gradle\4.4\fileHashes)" [_thread_blocked, id=6368, stack(0x000000001aac0000,0x000000001abc0000)]
  0x000000001c092800 JavaThread "Stdin handler" [_thread_blocked, id=5156, stack(0x000000001a9c0000,0x000000001aac0000)]
  0x000000001c091000 JavaThread "Asynchronous log dispatcher for DefaultDaemonConnection: socket connection from /127.0.0.1:52611 to /127.0.0.1:56221" [_thread_blocked, id=5976, stack(0x000000001a8c0000,0x000000001a9c0000)]
  0x000000001c095800 JavaThread "Daemon worker Thread 3" [_thread_in_native, id=7564, stack(0x000000001a7c0000,0x000000001a8c0000)]
  0x000000001c095000 JavaThread "Cancel handler" [_thread_blocked, id=5596, stack(0x000000001a4c0000,0x000000001a5c0000)]
  0x000000001c092000 JavaThread "Handler for socket connection from /127.0.0.1:52611 to /127.0.0.1:56221" [_thread_in_native, id=1016, stack(0x000000001a3c0000,0x000000001a4c0000)]
  0x000000001c08e000 JavaThread "Daemon Thread 3" [_thread_blocked, id=5288, stack(0x0000000000f70000,0x0000000001070000)]
  0x0000000019818800 JavaThread "Memory manager" [_thread_blocked, id=5908, stack(0x0000000000e50000,0x0000000000f50000)]
  0x0000000019819800 JavaThread "pool-1-thread-1" [_thread_blocked, id=7216, stack(0x0000000000c40000,0x0000000000d40000)]
  0x000000001b9e0800 JavaThread "File lock request listener" [_thread_in_native, id=7504, stack(0x000000001ce60000,0x000000001cf60000)]
  0x000000001959a000 JavaThread "Cache worker for file hash cache (C:\Users\ALEXANDRE\FamilyLife\.gradle\caches\4.4\fileHashes)" [_thread_blocked, id=1276, stack(0x000000001bd90000,0x000000001be90000)]
  0x00000000192d0000 JavaThread "Daemon periodic checks" [_thread_blocked, id=6132, stack(0x000000001a2c0000,0x000000001a3c0000)]
  0x00000000192ca000 JavaThread "Incoming local TCP Connector on port 52611" [_thread_in_native, id=6336, stack(0x000000001a0e0000,0x000000001a1e0000)]
  0x0000000017df0800 JavaThread "Service Thread" daemon [_thread_blocked, id=6172, stack(0x00000000181d0000,0x00000000182d0000)]
  0x00000000164a8000 JavaThread "C1 CompilerThread2" daemon [_thread_blocked, id=652, stack(0x0000000017cd0000,0x0000000017dd0000)]
  0x00000000164a1800 JavaThread "C2 CompilerThread1" daemon [_thread_blocked, id=2664, stack(0x0000000017bd0000,0x0000000017cd0000)]
=>0x000000001649d800 JavaThread "C2 CompilerThread0" daemon [_thread_in_native, id=5060, stack(0x0000000017ad0000,0x0000000017bd0000)]
  0x000000001649c800 JavaThread "Attach Listener" daemon [_thread_blocked, id=2420, stack(0x00000000179d0000,0x0000000017ad0000)]
  0x000000001649b000 JavaThread "Signal Dispatcher" daemon [_thread_blocked, id=3348, stack(0x00000000178d0000,0x00000000179d0000)]
  0x0000000016488800 JavaThread "Finalizer" daemon [_thread_blocked, id=32, stack(0x00000000176f0000,0x00000000177f0000)]
  0x0000000002a73000 JavaThread "Reference Handler" daemon [_thread_blocked, id=6464, stack(0x00000000175f0000,0x00000000176f0000)]
  0x0000000002982800 JavaThread "main" [_thread_blocked, id=2228, stack(0x0000000002860000,0x0000000002960000)]

Other Threads:
  0x0000000016466000 VMThread [stack: 0x00000000174f0000,0x00000000175f0000] [id=7608]
  0x0000000017dfb000 WatcherThread [stack: 0x00000000182d0000,0x00000000183d0000] [id=5608]

VM state:not at safepoint (normal execution)

VM Mutex/Monitor currently owned by a thread: None

Heap:
 PSYoungGen      total 153600K, used 146764K [0x00000000e0000000, 0x00000000ec780000, 0x0000000100000000)
  eden space 120320K, 94% used [0x00000000e0000000,0x00000000e6efc6a0,0x00000000e7580000)
  from space 33280K, 99% used [0x00000000e8480000,0x00000000ea4d6be0,0x00000000ea500000)
  to   space 35328K, 0% used [0x00000000ea500000,0x00000000ea500000,0x00000000ec780000)
 ParOldGen       total 95744K, used 47552K [0x00000000a0000000, 0x00000000a5d80000, 0x00000000e0000000)
  object space 95744K, 49% used [0x00000000a0000000,0x00000000a2e70010,0x00000000a5d80000)
 Metaspace       used 69304K, capacity 72150K, committed 72320K, reserved 1112064K
  class space    used 9091K, capacity 9823K, committed 9856K, reserved 1048576K

Card table byte_map: [0x0000000011ef0000,0x0000000012200000] byte_map_base: 0x00000000119f0000

Marking Bits: (ParMarkBitMap*) 0x000000005c014970
 Begin Bits: [0x0000000012800000, 0x0000000014000000)
 End Bits:   [0x0000000014000000, 0x0000000015800000)

Polling page: 0x00000000010d0000

CodeCache: size=245760Kb used=34727Kb max_used=34815Kb free=211032Kb
 bounds [0x0000000002b30000, 0x0000000004d80000, 0x0000000011b30000]
 total_blobs=10966 nmethods=10147 adapters=731
 compilation: enabled

Compilation events (10 events):
Event: 3511.982 Thread 0x00000000164a8000 nmethod 12386 0x0000000004a89590 code [0x0000000004a89700, 0x0000000004a898d0]
Event: 3511.984 Thread 0x00000000164a8000 12387       3       org.gradle.model.internal.registry.ModelNodeInternal::getAdapter (49 bytes)
Event: 3511.985 Thread 0x00000000164a8000 nmethod 12387 0x000000000477ced0 code [0x000000000477d160, 0x000000000477e4a8]
Event: 3511.985 Thread 0x00000000164a8000 12388       3       org.gradle.model.internal.core.InstanceModelView::of (12 bytes)
Event: 3511.985 Thread 0x00000000164a8000 nmethod 12388 0x0000000004a89050 code [0x0000000004a891c0, 0x0000000004a89450]
Event: 3511.985 Thread 0x00000000164a8000 12389       1       org.gradle.internal.service.scopes.ProjectScopeServices::access$000 (5 bytes)
Event: 3511.986 Thread 0x00000000164a8000 nmethod 12389 0x000000000477cc10 code [0x000000000477cd60, 0x000000000477ce50]
Event: 3511.987 Thread 0x00000000164a8000 12390       3       java.util.TreeSet::<init> (12 bytes)
Event: 3511.987 Thread 0x00000000164a8000 nmethod 12390 0x000000000477c410 code [0x000000000477c5a0, 0x000000000477c9f0]
Event: 3511.987 Thread 0x00000000164a8000 12391       3       org.gradle.api.internal.tasks.DefaultTaskDependency::visitDependencies (683 bytes)

GC Heap History (10 events):
Event: 131.376 GC heap before
{Heap before GC invocations=22 (full 3):
 PSYoungGen      total 133120K, used 121912K [0x00000000e0000000, 0x00000000e9680000, 0x0000000100000000)
  eden space 111616K, 100% used [0x00000000e0000000,0x00000000e6d00000,0x00000000e6d00000)
  from space 21504K, 47% used [0x00000000e8180000,0x00000000e8b8e0c8,0x00000000e9680000)
  to   space 20992K, 0% used [0x00000000e6d00000,0x00000000e6d00000,0x00000000e8180000)
 ParOldGen       total 95744K, used 37848K [0x00000000a0000000, 0x00000000a5d80000, 0x00000000e0000000)
  object space 95744K, 39% used [0x00000000a0000000,0x00000000a24f6378,0x00000000a5d80000)
 Metaspace       used 60742K, capacity 62762K, committed 62976K, reserved 1103872K
  class space    used 8284K, capacity 8833K, committed 8960K, reserved 1048576K
Event: 131.408 GC heap after
Heap after GC invocations=22 (full 3):
 PSYoungGen      total 132608K, used 18036K [0x00000000e0000000, 0x00000000eae00000, 0x0000000100000000)
  eden space 111616K, 0% used [0x00000000e0000000,0x00000000e0000000,0x00000000e6d00000)
  from space 20992K, 85% used [0x00000000e6d00000,0x00000000e7e9d3b0,0x00000000e8180000)
  to   space 23040K, 0% used [0x00000000e9780000,0x00000000e9780000,0x00000000eae00000)
 ParOldGen       total 95744K, used 37856K [0x00000000a0000000, 0x00000000a5d80000, 0x00000000e0000000)
  object space 95744K, 39% used [0x00000000a0000000,0x00000000a24f8378,0x00000000a5d80000)
 Metaspace       used 60742K, capacity 62762K, committed 62976K, reserved 1103872K
  class space    used 8284K, capacity 8833K, committed 8960K, reserved 1048576K
}
Event: 146.050 GC heap before
{Heap before GC invocations=23 (full 3):
 PSYoungGen      total 132608K, used 129652K [0x00000000e0000000, 0x00000000eae00000, 0x0000000100000000)
  eden space 111616K, 100% used [0x00000000e0000000,0x00000000e6d00000,0x00000000e6d00000)
  from space 20992K, 85% used [0x00000000e6d00000,0x00000000e7e9d3b0,0x00000000e8180000)
  to   space 23040K, 0% used [0x00000000e9780000,0x00000000e9780000,0x00000000eae00000)
 ParOldGen       total 95744K, used 37856K [0x00000000a0000000, 0x00000000a5d80000, 0x00000000e0000000)
  object space 95744K, 39% used [0x00000000a0000000,0x00000000a24f8378,0x00000000a5d80000)
 Metaspace       used 64691K, capacity 67146K, committed 67328K, reserved 1107968K
  class space    used 8676K, capacity 9345K, committed 9472K, reserved 1048576K
Event: 146.098 GC heap after
Heap after GC invocations=23 (full 3):
 PSYoungGen      total 151552K, used 23035K [0x00000000e0000000, 0x00000000eb300000, 0x0000000100000000)
  eden space 128512K, 0% used [0x00000000e0000000,0x00000000e0000000,0x00000000e7d80000)
  from space 23040K, 99% used [0x00000000e9780000,0x00000000eadfed40,0x00000000eae00000)
  to   space 26624K, 0% used [0x00000000e7d80000,0x00000000e7d80000,0x00000000e9780000)
 ParOldGen       total 95744K, used 38843K [0x00000000a0000000, 0x00000000a5d80000, 0x00000000e0000000)
  object space 95744K, 40% used [0x00000000a0000000,0x00000000a25eefa8,0x00000000a5d80000)
 Metaspace       used 64691K, capacity 67146K, committed 67328K, reserved 1107968K
  class space    used 8676K, capacity 9345K, committed 9472K, reserved 1048576K
}
Event: 217.736 GC heap before
{Heap before GC invocations=24 (full 3):
 PSYoungGen      total 151552K, used 151547K [0x00000000e0000000, 0x00000000eb300000, 0x0000000100000000)
  eden space 128512K, 100% used [0x00000000e0000000,0x00000000e7d80000,0x00000000e7d80000)
  from space 23040K, 99% used [0x00000000e9780000,0x00000000eadfed40,0x00000000eae00000)
  to   space 26624K, 0% used [0x00000000e7d80000,0x00000000e7d80000,0x00000000e9780000)
 ParOldGen       total 95744K, used 38843K [0x00000000a0000000, 0x00000000a5d80000, 0x00000000e0000000)
  object space 95744K, 40% used [0x00000000a0000000,0x00000000a25eefa8,0x00000000a5d80000)
 Metaspace       used 67003K, capacity 69542K, committed 69760K, reserved 1110016K
  class space    used 8917K, capacity 9583K, committed 9600K, reserved 1048576K
Event: 217.786 GC heap after
Heap after GC invocations=24 (full 3):
 PSYoungGen      total 155136K, used 26610K [0x00000000e0000000, 0x00000000ed180000, 0x0000000100000000)
  eden space 128512K, 0% used [0x00000000e0000000,0x00000000e0000000,0x00000000e7d80000)
  from space 26624K, 99% used [0x00000000e7d80000,0x00000000e977c9f0,0x00000000e9780000)
  to   space 33792K, 0% used [0x00000000eb080000,0x00000000eb080000,0x00000000ed180000)
 ParOldGen       total 95744K, used 47536K [0x00000000a0000000, 0x00000000a5d80000, 0x00000000e0000000)
  object space 95744K, 49% used [0x00000000a0000000,0x00000000a2e6c010,0x00000000a5d80000)
 Metaspace       used 67003K, capacity 69542K, committed 69760K, reserved 1110016K
  class space    used 8917K, capacity 9583K, committed 9600K, reserved 1048576K
}
Event: 950.776 GC heap before
{Heap before GC invocations=25 (full 3):
 PSYoungGen      total 155136K, used 155122K [0x00000000e0000000, 0x00000000ed180000, 0x0000000100000000)
  eden space 128512K, 100% used [0x00000000e0000000,0x00000000e7d80000,0x00000000e7d80000)
  from space 26624K, 99% used [0x00000000e7d80000,0x00000000e977c9f0,0x00000000e9780000)
  to   space 33792K, 0% used [0x00000000eb080000,0x00000000eb080000,0x00000000ed180000)
 ParOldGen       total 95744K, used 47536K [0x00000000a0000000, 0x00000000a5d80000, 0x00000000e0000000)
  object space 95744K, 49% used [0x00000000a0000000,0x00000000a2e6c010,0x00000000a5d80000)
 Metaspace       used 67677K, capacity 70218K, committed 70400K, reserved 1110016K
  class space    used 8938K, capacity 9627K, committed 9728K, reserved 1048576K
Event: 950.842 GC heap after
Heap after GC invocations=25 (full 3):
 PSYoungGen      total 154112K, used 29202K [0x00000000e0000000, 0x00000000ecd80000, 0x0000000100000000)
  eden space 124416K, 0% used [0x00000000e0000000,0x00000000e0000000,0x00000000e7980000)
  from space 29696K, 98% used [0x00000000eb080000,0x00000000ecd049e0,0x00000000ecd80000)
  to   space 37376K, 0% used [0x00000000e8480000,0x00000000e8480000,0x00000000ea900000)
 ParOldGen       total 95744K, used 47544K [0x00000000a0000000, 0x00000000a5d80000, 0x00000000e0000000)
  object space 95744K, 49% used [0x00000000a0000000,0x00000000a2e6e010,0x00000000a5d80000)
 Metaspace       used 67677K, capacity 70218K, committed 70400K, reserved 1110016K
  class space    used 8938K, capacity 9627K, committed 9728K, reserved 1048576K
}
Event: 961.819 GC heap before
{Heap before GC invocations=26 (full 3):
 PSYoungGen      total 154112K, used 153618K [0x00000000e0000000, 0x00000000ecd80000, 0x0000000100000000)
  eden space 124416K, 100% used [0x00000000e0000000,0x00000000e7980000,0x00000000e7980000)
  from space 29696K, 98% used [0x00000000eb080000,0x00000000ecd049e0,0x00000000ecd80000)
  to   space 37376K, 0% used [0x00000000e8480000,0x00000000e8480000,0x00000000ea900000)
 ParOldGen       total 95744K, used 47544K [0x00000000a0000000, 0x00000000a5d80000, 0x00000000e0000000)
  object space 95744K, 49% used [0x00000000a0000000,0x00000000a2e6e010,0x00000000a5d80000)
 Metaspace       used 68784K, capacity 71484K, committed 71808K, reserved 1112064K
  class space    used 9047K, capacity 9748K, committed 9856K, reserved 1048576K
Event: 961.869 GC heap after
Heap after GC invocations=26 (full 3):
 PSYoungGen      total 153600K, used 33114K [0x00000000e0000000, 0x00000000ec780000, 0x0000000100000000)
  eden space 120320K, 0% used [0x00000000e0000000,0x00000000e0000000,0x00000000e7580000)
  from space 33280K, 99% used [0x00000000e8480000,0x00000000ea4d6be0,0x00000000ea500000)
  to   space 35328K, 0% used [0x00000000ea500000,0x00000000ea500000,0x00000000ec780000)
 ParOldGen       total 95744K, used 47552K [0x00000000a0000000, 0x00000000a5d80000, 0x00000000e0000000)
  object space 95744K, 49% used [0x00000000a0000000,0x00000000a2e70010,0x00000000a5d80000)
 Metaspace       used 68784K, capacity 71484K, committed 71808K, reserved 1112064K
  class space    used 9047K, capacity 9748K, committed 9856K, reserved 1048576K
}

Deoptimization events (10 events):
Event: 3474.140 Thread 0x000000001c095800 Uncommon trap: reason=array_check action=maybe_recompile pc=0x0000000004ce5b98 method=com.google.common.collect.RegularImmutableMap.fromEntryArray(I[Ljava/util/Map$Entry;)Lcom/google/common/collect/RegularImmutableMap; @ 200
Event: 3474.140 Thread 0x000000001c095800 Uncommon trap: reason=array_check action=maybe_recompile pc=0x0000000004ce5b98 method=com.google.common.collect.RegularImmutableMap.fromEntryArray(I[Ljava/util/Map$Entry;)Lcom/google/common/collect/RegularImmutableMap; @ 200
Event: 3474.297 Thread 0x000000001c095800 Uncommon trap: reason=array_check action=maybe_recompile pc=0x0000000004ce5b98 method=com.google.common.collect.RegularImmutableMap.fromEntryArray(I[Ljava/util/Map$Entry;)Lcom/google/common/collect/RegularImmutableMap; @ 200
Event: 3511.351 Thread 0x000000001c095800 Uncommon trap: reason=unstable_if action=reinterpret pc=0x0000000004b9c604 method=com.google.common.collect.AbstractMapBasedMultimap.wrapCollection(Ljava/lang/Object;Ljava/util/Collection;)Ljava/util/Collection; @ 4
Event: 3511.507 Thread 0x000000001c095800 Uncommon trap: reason=bimorphic action=maybe_recompile pc=0x0000000004bc3b08 method=com.google.common.collect.TransformedIterator.hasNext()Z @ 4
Event: 3511.507 Thread 0x000000001c095800 Uncommon trap: reason=class_check action=maybe_recompile pc=0x0000000004bd1108 method=com.google.common.collect.TransformedIterator.next()Ljava/lang/Object; @ 5
Event: 3511.508 Thread 0x000000001c095800 Uncommon trap: reason=bimorphic action=maybe_recompile pc=0x0000000004bc3b08 method=com.google.common.collect.TransformedIterator.hasNext()Z @ 4
Event: 3511.508 Thread 0x000000001c095800 Uncommon trap: reason=class_check action=maybe_recompile pc=0x0000000004bd1108 method=com.google.common.collect.TransformedIterator.next()Ljava/lang/Object; @ 5
Event: 3511.571 Thread 0x000000001c095800 Uncommon trap: reason=class_check action=maybe_recompile pc=0x0000000004bd1108 method=com.google.common.collect.TransformedIterator.next()Ljava/lang/Object; @ 5
Event: 3511.571 Thread 0x000000001c095800 Uncommon trap: reason=class_check action=maybe_recompile pc=0x0000000004bd1108 method=com.google.common.collect.TransformedIterator.next()Ljava/lang/Object; @ 5

Classes redefined (0 events):
No events

Internal exceptions (10 events):
Event: 3511.686 Thread 0x000000001c095800 Exception <a 'sun/nio/fs/WindowsException'> (0x00000000e6cae330) thrown at [D:\src\AOSP-openjdk-cygwin\jdk8u\hotspot\src\share\vm\prims\jni.cpp, line 709]
Event: 3511.686 Thread 0x000000001c095800 Exception <a 'sun/nio/fs/WindowsException'> (0x00000000e6caf460) thrown at [D:\src\AOSP-openjdk-cygwin\jdk8u\hotspot\src\share\vm\prims\jni.cpp, line 709]
Event: 3511.686 Thread 0x000000001c095800 Exception <a 'sun/nio/fs/WindowsException'> (0x00000000e6cb0700) thrown at [D:\src\AOSP-openjdk-cygwin\jdk8u\hotspot\src\share\vm\prims\jni.cpp, line 709]
Event: 3511.686 Thread 0x000000001c095800 Exception <a 'sun/nio/fs/WindowsException'> (0x00000000e6cb1828) thrown at [D:\src\AOSP-openjdk-cygwin\jdk8u\hotspot\src\share\vm\prims\jni.cpp, line 709]
Event: 3511.687 Thread 0x000000001c095800 Exception <a 'sun/nio/fs/WindowsException'> (0x00000000e6cb91e8) thrown at [D:\src\AOSP-openjdk-cygwin\jdk8u\hotspot\src\share\vm\prims\jni.cpp, line 709]
Event: 3511.688 Thread 0x000000001c095800 Exception <a 'sun/nio/fs/WindowsException'> (0x00000000e6cba328) thrown at [D:\src\AOSP-openjdk-cygwin\jdk8u\hotspot\src\share\vm\prims\jni.cpp, line 709]
Event: 3511.688 Thread 0x000000001c095800 Exception <a 'sun/nio/fs/WindowsException'> (0x00000000e6cbc038) thrown at [D:\src\AOSP-openjdk-cygwin\jdk8u\hotspot\src\share\vm\prims\jni.cpp, line 709]
Event: 3511.688 Thread 0x000000001c095800 Exception <a 'sun/nio/fs/WindowsException'> (0x00000000e6cbd168) thrown at [D:\src\AOSP-openjdk-cygwin\jdk8u\hotspot\src\share\vm\prims\jni.cpp, line 709]
Event: 3511.688 Thread 0x000000001c095800 Exception <a 'sun/nio/fs/WindowsException'> (0x00000000e6cbe468) thrown at [D:\src\AOSP-openjdk-cygwin\jdk8u\hotspot\src\share\vm\prims\jni.cpp, line 709]
Event: 3511.688 Thread 0x000000001c095800 Exception <a 'sun/nio/fs/WindowsException'> (0x00000000e6cbf590) thrown at [D:\src\AOSP-openjdk-cygwin\jdk8u\hotspot\src\share\vm\prims\jni.cpp, line 709]

Events (10 events):
Event: 3511.863 Executing VM operation: RevokeBias done
Event: 3511.877 loading class org/gradle/cache/internal/DefaultFileContentCacheFactory
Event: 3511.877 loading class org/gradle/cache/internal/DefaultFileContentCacheFactory done
Event: 3511.931 loading class org/gradle/cache/internal/FileContentCache
Event: 3511.931 loading class org/gradle/cache/internal/FileContentCache done
Event: 3511.952 loading class org/gradle/api/internal/tasks/compile/AnnotationProcessorDetector$AnnotationServiceLocator
Event: 3511.952 loading class org/gradle/api/internal/tasks/compile/AnnotationProcessorDetector$AnnotationServiceLocator done
Event: 3511.973 Thread 0x000000001c098800 Thread added: 0x000000001c098800
Event: 3511.980 loading class org/gradle/cache/internal/DefaultFileContentCacheFactory$DefaultFileContentCache
Event: 3511.980 loading class org/gradle/cache/internal/DefaultFileContentCacheFactory$DefaultFileContentCache done


Dynamic libraries:
0x00007ff7f7320000 - 0x00007ff7f7351000 	C:\Program Files\Android\Android Studio1\jre\bin\java.exe
0x00007ff8bf2b0000 - 0x00007ff8bf472000 	C:\Windows\SYSTEM32\ntdll.dll
0x00007ff8bd2b0000 - 0x00007ff8bd35d000 	C:\Windows\system32\KERNEL32.DLL
0x00007ff8bbd70000 - 0x00007ff8bbf4d000 	C:\Windows\system32\KERNELBASE.dll
0x00007ff8bcba0000 - 0x00007ff8bcc46000 	C:\Windows\system32\ADVAPI32.dll
0x00007ff8bcfc0000 - 0x00007ff8bd05d000 	C:\Windows\system32\msvcrt.dll
0x00007ff8bd3e0000 - 0x00007ff8bd43b000 	C:\Windows\system32\sechost.dll
0x00007ff8bd5d0000 - 0x00007ff8bd6f6000 	C:\Windows\system32\RPCRT4.dll
0x00007ff8bca50000 - 0x00007ff8bcb9e000 	C:\Windows\system32\USER32.dll
0x00007ff8bf0e0000 - 0x00007ff8bf263000 	C:\Windows\system32\GDI32.dll
0x00007ff8b30a0000 - 0x00007ff8b3314000 	C:\Windows\WinSxS\amd64_microsoft.windows.common-controls_6595b64144ccf1df_6.0.10240.17184_none_f41d7a705752bce6\COMCTL32.dll
0x00007ff8bf270000 - 0x00007ff8bf2a6000 	C:\Windows\system32\IMM32.DLL
0x00007ff8bd700000 - 0x00007ff8bd85c000 	C:\Windows\system32\MSCTF.dll
0x000000005b770000 - 0x000000005b842000 	C:\Program Files\Android\Android Studio1\jre\jre\bin\msvcr100.dll
0x000000005b850000 - 0x000000005c08f000 	C:\Program Files\Android\Android Studio1\jre\jre\bin\server\jvm.dll
0x00007ff8bd060000 - 0x00007ff8bd068000 	C:\Windows\system32\PSAPI.DLL
0x00007ff8ba3b0000 - 0x00007ff8ba3b9000 	C:\Windows\SYSTEM32\WSOCK32.dll
0x00007ff8ba330000 - 0x00007ff8ba353000 	C:\Windows\SYSTEM32\WINMM.dll
0x00007ff8b47a0000 - 0x00007ff8b47aa000 	C:\Windows\SYSTEM32\VERSION.dll
0x00007ff8bcf50000 - 0x00007ff8bcfb9000 	C:\Windows\system32\WS2_32.dll
0x00007ff8bd5c0000 - 0x00007ff8bd5c8000 	C:\Windows\system32\NSI.dll
0x0000000002810000 - 0x000000000283c000 	C:\Windows\SYSTEM32\WINMMBASE.dll
0x00007ff8bbf50000 - 0x00007ff8bbf94000 	C:\Windows\system32\cfgmgr32.dll
0x00007ff8ba510000 - 0x00007ff8ba537000 	C:\Windows\SYSTEM32\DEVOBJ.dll
0x00007ff8ba380000 - 0x00007ff8ba38f000 	C:\Program Files\Android\Android Studio1\jre\jre\bin\verify.dll
0x00007ff8b73c0000 - 0x00007ff8b73e9000 	C:\Program Files\Android\Android Studio1\jre\jre\bin\java.dll
0x00007ff8b9d70000 - 0x00007ff8b9d86000 	C:\Program Files\Android\Android Studio1\jre\jre\bin\zip.dll
0x00007ff8bd8c0000 - 0x00007ff8bede3000 	C:\Windows\system32\SHELL32.dll
0x00007ff8bc170000 - 0x00007ff8bc799000 	C:\Windows\system32\windows.storage.dll
0x00007ff8bee60000 - 0x00007ff8bf0dc000 	C:\Windows\system32\combase.dll
0x00007ff8bd860000 - 0x00007ff8bd8b1000 	C:\Windows\system32\shlwapi.dll
0x00007ff8bbd20000 - 0x00007ff8bbd2f000 	C:\Windows\system32\kernel.appcore.dll
0x00007ff8bc0b0000 - 0x00007ff8bc163000 	C:\Windows\system32\shcore.dll
0x00007ff8bbcd0000 - 0x00007ff8bbd1a000 	C:\Windows\system32\powrprof.dll
0x00007ff8bbd50000 - 0x00007ff8bbd63000 	C:\Windows\system32\profapi.dll
0x00007ff8b72d0000 - 0x00007ff8b72ea000 	C:\Program Files\Android\Android Studio1\jre\jre\bin\net.dll
0x00007ff8bb540000 - 0x00007ff8bb59d000 	C:\Windows\system32\mswsock.dll
0x00007ff8b7240000 - 0x00007ff8b7251000 	C:\Program Files\Android\Android Studio1\jre\jre\bin\nio.dll
0x00007ff8b09b0000 - 0x00007ff8b09ce000 	C:\Users\ALEXANDRE\FamilyLife\.gradle\native\25\windows-amd64\native-platform.dll
0x00007ff8b3c70000 - 0x00007ff8b3c7d000 	C:\Program Files\Android\Android Studio1\jre\jre\bin\management.dll
0x00007ff8bb5a0000 - 0x00007ff8bb5b7000 	C:\Windows\SYSTEM32\CRYPTSP.dll
0x00007ff8bbc00000 - 0x00007ff8bbc28000 	C:\Windows\SYSTEM32\bcrypt.dll
0x00007ff8bb190000 - 0x00007ff8bb1c3000 	C:\Windows\system32\rsaenh.dll
0x00007ff8bb390000 - 0x00007ff8bb3af000 	C:\Windows\SYSTEM32\USERENV.dll
0x00007ff8bbaf0000 - 0x00007ff8bbb5b000 	C:\Windows\system32\bcryptprimitives.dll
0x00007ff8bb6f0000 - 0x00007ff8bb6fb000 	C:\Windows\SYSTEM32\CRYPTBASE.dll
0x00007ff8b9130000 - 0x00007ff8b9168000 	C:\Windows\SYSTEM32\IPHLPAPI.DLL
0x00007ff8b9120000 - 0x00007ff8b912b000 	C:\Windows\SYSTEM32\WINNSI.DLL
0x00007ff8b6b50000 - 0x00007ff8b6b66000 	C:\Windows\SYSTEM32\dhcpcsvc6.DLL
0x00007ff8b6b30000 - 0x00007ff8b6b4a000 	C:\Windows\SYSTEM32\dhcpcsvc.DLL
0x00007ff8abfc0000 - 0x00007ff8abfe4000 	C:\Program Files\Android\Android Studio1\jre\jre\bin\sunec.dll
0x00007ff8bb280000 - 0x00007ff8bb328000 	C:\Windows\SYSTEM32\DNSAPI.dll
0x000000005c0e0000 - 0x000000005c106000 	C:\Program Files\Bonjour\mdnsNSP.dll
0x00007ff8b4de0000 - 0x00007ff8b4dea000 	C:\Windows\System32\rasadhlp.dll
0x00007ff8b6d30000 - 0x00007ff8b6d98000 	C:\Windows\System32\fwpuclnt.dll
0x00007ff8b24f0000 - 0x00007ff8b24fb000 	C:\Program Files\Android\Android Studio1\jre\jre\bin\sunmscapi.dll
0x00007ff8bc7a0000 - 0x00007ff8bc961000 	C:\Windows\system32\CRYPT32.dll
0x00007ff8bbd30000 - 0x00007ff8bbd41000 	C:\Windows\system32\MSASN1.dll
0x00007ff8bb010000 - 0x00007ff8bb042000 	C:\Windows\SYSTEM32\ntmarta.dll

VM Arguments:
jvm_args: -Xmx1536m -Dfile.encoding=windows-1252 -Duser.country=US -Duser.language=en -Duser.variant 
java_command: org.gradle.launcher.daemon.bootstrap.GradleDaemon 4.4
java_class_path (initial): C:\Users\ALEXANDRE\FamilyLife\.gradle\wrapper\dists\gradle-4.4-all\9br9xq1tocpiv8o6njlyu5op1\gradle-4.4\lib\gradle-launcher-4.4.jar
Launcher Type: SUN_STANDARD

Environment Variables:
JAVA_HOME=C:\Program Files\Java\jdk1.8.0_121
PATH=C:\ProgramData\Oracle\Java\javapath;C:\Windows\system32;C:\Windows;C:\Windows\System32\Wbem;C:\Windows\System32\WindowsPowerShell\v1.0\;C:\Qt\Qt5.6.2\5.6\mingw49_32\bin;C:\Qt\Qt5.6.2\Tools\QtCreator\bin;C:\vstudio;C:\Program Files\Java\jdk1.8.0_121\bin;C:\Qt\Qt5.6.2\5.6\mingw49_32\bin;C:\Qt\Qt5.6.2\Tools\mingw492_32;C:\Program Files (x86)\Windows Kits\8.1\Windows Performance Toolkit\;C:\Program Files (x86)\Microsoft Emulator Manager\1.0\C:\MinGW\bin;C:\MinGW\include;C:\MinGW\mingw32\bin;C:\Qt\Qt5.6.2\Tools\mingw492_32\bin;C:\Users\ALEXANDRE\Desktop\gradle-3.5\bin;C:\Program Files\Android\Android Studio\bin;C:\Program Files\Microsoft\Web Platform Installer\;C:\Program Files (x86)\Microsoft ASP.NET\ASP.NET Web Pages\v1.0\;C:\Program Files\Microsoft SQL Server\110\Tools\Binn\;C:\Program Files (x86)\MATLAB\R2013\runtime\win32;C:\Program Files (x86)\MATLAB\R2013\bin;C:\Program Files (x86)\Common Files\lenovo\easyplussdk\bin;C:\android-studio-ide-162.3934792-windows\android-studio\gradle\gradle-4.6-bin;C:\Users\ALEXANDRE\Desktop\bin;C:\Program Files (x86)\Git\cmd;C:\Program Files\Java\jre7\bin;C:\Program Files (x86)\MiKTeX 2.9\miktex\bin\;C:\Program Files\MATLAB\R2017a\runtime\win64;C:\Program Files\MATLAB\R2017a\bin;C:\Program Files\MiKTeX 2.9\miktex\bin\x64\;C:\Program Files\nodejs\;C:\ProgramData\chocolatey\bin;C:\Users\ALEXANDRE\AppData\Local\Programs\Python\Python37\Scripts\;C:\Users\ALEXANDRE\AppData\Local\Programs\Python\Python37\;C:\Program Files (x86)\Microsoft VS Code\bin;C:\Users\ALEXANDRE\AppData\Roaming\npm
USERNAME=ALEXANDRE
OS=Windows_NT
PROCESSOR_IDENTIFIER=Intel64 Family 6 Model 42 Stepping 7, GenuineIntel



---------------  S Y S T E M  ---------------

OS: Windows 10.0 , 64 bit Build 10240 (10.0.10240.17113)

CPU:total 4 (initial active 4) (2 cores per cpu, 2 threads per core) family 6 model 42 stepping 7, cmov, cx8, fxsr, mmx, sse, sse2, sse3, ssse3, sse4.1, sse4.2, popcnt, avx, clmul, ht, tsc, tscinvbit

Memory: 4k page, physical 4140908k(671672k free), swap 5575532k(5896k free)

vm_info: OpenJDK 64-Bit Server VM (25.152-b02) for windows-amd64 JRE (1.8.0_152-release-1024-b02), built by "builder" with MS VC++ 10.0 (VS2010)

time: Mon Jan 20 16:14:51 2020
elapsed time: 3512 seconds (0d 0h 58m 32s)

