#
# There is insufficient memory for the Java Runtime Environment to continue.
# Native memory allocation (malloc) failed to allocate 32744 bytes for ChunkPool::allocate
# Possible reasons:
#   The system is out of physical RAM or swap space
#   In 32 bit mode, the process size limit was hit
# Possible solutions:
#   Reduce memory load on the system
#   Increase physical memory or swap space
#   Check if swap backing store is full
#   Use 64 bit Java on a 64 bit OS
#   Decrease Java heap size (-Xmx/-Xms)
#   Decrease number of Java threads
#   Decrease Java thread stack sizes (-Xss)
#   Set larger code cache with -XX:ReservedCodeCacheSize=
# This output file may be truncated or incomplete.
#
#  Out of Memory Error (allocation.cpp:273), pid=1072, tid=0x0000000000000a78
#
# JRE version: OpenJDK Runtime Environment (8.0_152-b02) (build 1.8.0_152-release-1024-b02)
# Java VM: OpenJDK 64-Bit Server VM (25.152-b02 mixed mode windows-amd64 compressed oops)
# Failed to write core dump. Minidumps are not enabled by default on client versions of Windows
#

---------------  T H R E A D  ---------------

Current thread (0x0000000012912000):  JavaThread "C2 CompilerThread1" daemon [_thread_in_native, id=2680, stack(0x0000000014060000,0x0000000014160000)]

Stack: [0x0000000014060000,0x0000000014160000]
[error occurred during error reporting (printing stack bounds), id 0xc0000005]

Native frames: (J=compiled Java code, j=interpreted, Vv=VM code, C=native code)


Current CompileTask:
C2:   5111  894 %     4       org.objectweb.asm.ClassReader::readCode @ 74 (3575 bytes)


---------------  P R O C E S S  ---------------

Java Threads: ( => current thread )
  0x000000001295e800 JavaThread "Service Thread" daemon [_thread_blocked, id=2096, stack(0x0000000014660000,0x0000000014760000)]
  0x0000000012904000 JavaThread "C1 CompilerThread2" daemon [_thread_blocked, id=5616, stack(0x0000000014160000,0x0000000014260000)]
=>0x0000000012912000 JavaThread "C2 CompilerThread1" daemon [_thread_in_native, id=2680, stack(0x0000000014060000,0x0000000014160000)]
  0x000000001290d800 JavaThread "C2 CompilerThread0" daemon [_thread_blocked, id=960, stack(0x0000000013f60000,0x0000000014060000)]
  0x000000001290c000 JavaThread "Attach Listener" daemon [_thread_blocked, id=3660, stack(0x0000000013e60000,0x0000000013f60000)]
  0x000000001290a800 JavaThread "Signal Dispatcher" daemon [_thread_blocked, id=4080, stack(0x0000000013d60000,0x0000000013e60000)]
  0x00000000128ee800 JavaThread "Finalizer" daemon [_thread_blocked, id=4460, stack(0x0000000013b80000,0x0000000013c80000)]
  0x0000000002597800 JavaThread "Reference Handler" daemon [_thread_blocked, id=2524, stack(0x0000000013a80000,0x0000000013b80000)]
  0x00000000024a7800 JavaThread "main" [_thread_in_native, id=5412, stack(0x00000000023a0000,0x00000000024a0000)]

Other Threads:
  0x00000000128c6000 VMThread [stack: 0x0000000013980000,0x0000000013a80000] [id=5916]
  0x000000001428e800 WatcherThread [stack: 0x0000000014760000,0x0000000014860000] [id=4020]

VM state:not at safepoint (normal execution)

VM Mutex/Monitor currently owned by a thread: None

Heap:
 PSYoungGen      total 18944K, used 3638K [0x00000000feb00000, 0x0000000100000000, 0x0000000100000000)
  eden space 16384K, 6% used [0x00000000feb00000,0x00000000fec0eba8,0x00000000ffb00000)
  from space 2560K, 99% used [0x00000000ffd80000,0x00000000ffffeca0,0x0000000100000000)
  to   space 2560K, 0% used [0x00000000ffb00000,0x00000000ffb00000,0x00000000ffd80000)
 ParOldGen       total 44032K, used 5522K [0x00000000fc000000, 0x00000000feb00000, 0x00000000feb00000)
  object space 44032K, 12% used [0x00000000fc000000,0x00000000fc564a50,0x00000000feb00000)
 Metaspace       used 7577K, capacity 7804K, committed 7936K, reserved 1056768K
  class space    used 870K, capacity 970K, committed 1024K, reserved 1048576K

Card table byte_map: [0x00000000022d0000,0x0000000002300000] byte_map_base: 0x0000000001af0000

Marking Bits: (ParMarkBitMap*) 0x00000000728c4970
 Begin Bits: [0x0000000011d60000, 0x0000000011e60000)
 End Bits:   [0x0000000011e60000, 0x0000000011f60000)

Polling page: 0x00000000022a0000

CodeCache: size=245760Kb used=3370Kb max_used=3378Kb free=242389Kb
 bounds [0x00000000025a0000, 0x00000000028f0000, 0x00000000115a0000]
 total_blobs=1237 nmethods=905 adapters=246
 compilation: enabled

Compilation events (10 events):
Event: 3.984 Thread 0x0000000012904000  902       3       org.objectweb.asm.MethodVisitor::visitIntInsn (17 bytes)
Event: 3.984 Thread 0x0000000012904000 nmethod 902 0x00000000028e5390 code [0x00000000028e5500, 0x00000000028e5768]
Event: 3.985 Thread 0x000000001290d800  903       4       org.objectweb.asm.MethodVisitor::visitVarInsn (17 bytes)
Event: 3.986 Thread 0x000000001290d800 nmethod 903 0x00000000028e50d0 code [0x00000000028e5200, 0x00000000028e5298]
Event: 3.986 Thread 0x000000001290d800  904       4       org.objectweb.asm.MethodVisitor::visitLabel (16 bytes)
Event: 3.986 Thread 0x000000001290d800 nmethod 904 0x00000000028ecf90 code [0x00000000028ed0c0, 0x00000000028ed158]
Event: 4.068 Thread 0x0000000012904000  905       3       java.util.zip.ZipOutputStream::writeShort (41 bytes)
Event: 4.068 Thread 0x0000000012904000 nmethod 905 0x00000000028ee190 code [0x00000000028ee300, 0x00000000028ee618]
Event: 4.068 Thread 0x0000000012904000  906       3       java.util.zip.ZipOutputStream::writeInt (69 bytes)
Event: 4.069 Thread 0x0000000012904000 nmethod 906 0x00000000028eda10 code [0x00000000028edba0, 0x00000000028ee078]

GC Heap History (4 events):
Event: 2.508 GC heap before
{Heap before GC invocations=1 (full 0):
 PSYoungGen      total 18944K, used 16384K [0x00000000feb00000, 0x0000000100000000, 0x0000000100000000)
  eden space 16384K, 100% used [0x00000000feb00000,0x00000000ffb00000,0x00000000ffb00000)
  from space 2560K, 0% used [0x00000000ffd80000,0x00000000ffd80000,0x0000000100000000)
  to   space 2560K, 0% used [0x00000000ffb00000,0x00000000ffb00000,0x00000000ffd80000)
 ParOldGen       total 44032K, used 0K [0x00000000fc000000, 0x00000000feb00000, 0x00000000feb00000)
  object space 44032K, 0% used [0x00000000fc000000,0x00000000fc000000,0x00000000feb00000)
 Metaspace       used 6711K, capacity 6926K, committed 7040K, reserved 1056768K
  class space    used 791K, capacity 871K, committed 896K, reserved 1048576K
Event: 2.514 GC heap after
Heap after GC invocations=1 (full 0):
 PSYoungGen      total 18944K, used 2550K [0x00000000feb00000, 0x0000000100000000, 0x0000000100000000)
  eden space 16384K, 0% used [0x00000000feb00000,0x00000000feb00000,0x00000000ffb00000)
  from space 2560K, 99% used [0x00000000ffb00000,0x00000000ffd7daa0,0x00000000ffd80000)
  to   space 2560K, 0% used [0x00000000ffd80000,0x00000000ffd80000,0x0000000100000000)
 ParOldGen       total 44032K, used 1343K [0x00000000fc000000, 0x00000000feb00000, 0x00000000feb00000)
  object space 44032K, 3% used [0x00000000fc000000,0x00000000fc14fd30,0x00000000feb00000)
 Metaspace       used 6711K, capacity 6926K, committed 7040K, reserved 1056768K
  class space    used 791K, capacity 871K, committed 896K, reserved 1048576K
}
Event: 3.781 GC heap before
{Heap before GC invocations=2 (full 0):
 PSYoungGen      total 18944K, used 18934K [0x00000000feb00000, 0x0000000100000000, 0x0000000100000000)
  eden space 16384K, 100% used [0x00000000feb00000,0x00000000ffb00000,0x00000000ffb00000)
  from space 2560K, 99% used [0x00000000ffb00000,0x00000000ffd7daa0,0x00000000ffd80000)
  to   space 2560K, 0% used [0x00000000ffd80000,0x00000000ffd80000,0x0000000100000000)
 ParOldGen       total 44032K, used 1343K [0x00000000fc000000, 0x00000000feb00000, 0x00000000feb00000)
  object space 44032K, 3% used [0x00000000fc000000,0x00000000fc14fd30,0x00000000feb00000)
 Metaspace       used 7547K, capacity 7804K, committed 7936K, reserved 1056768K
  class space    used 868K, capacity 970K, committed 1024K, reserved 1048576K
Event: 3.792 GC heap after
Heap after GC invocations=2 (full 0):
 PSYoungGen      total 18944K, used 2555K [0x00000000feb00000, 0x0000000100000000, 0x0000000100000000)
  eden space 16384K, 0% used [0x00000000feb00000,0x00000000feb00000,0x00000000ffb00000)
  from space 2560K, 99% used [0x00000000ffd80000,0x00000000ffffeca0,0x0000000100000000)
  to   space 2560K, 0% used [0x00000000ffb00000,0x00000000ffb00000,0x00000000ffd80000)
 ParOldGen       total 44032K, used 5522K [0x00000000fc000000, 0x00000000feb00000, 0x00000000feb00000)
  object space 44032K, 12% used [0x00000000fc000000,0x00000000fc564a50,0x00000000feb00000)
 Metaspace       used 7547K, capacity 7804K, committed 7936K, reserved 1056768K
  class space    used 868K, capacity 970K, committed 1024K, reserved 1048576K
}

Deoptimization events (10 events):
Event: 2.416 Thread 0x00000000024a7800 Uncommon trap: reason=unstable_if action=reinterpret pc=0x00000000027e1ec8 method=java.util.zip.ZipFile$ZipEntryIterator.hasNext()Z @ 25
Event: 2.416 Thread 0x00000000024a7800 Uncommon trap: reason=unstable_if action=reinterpret pc=0x00000000027e684c method=java.util.zip.ZipCoder.decoder()Ljava/nio/charset/CharsetDecoder; @ 4
Event: 2.416 Thread 0x00000000024a7800 Uncommon trap: reason=unstable_if action=reinterpret pc=0x00000000027e2398 method=java.util.zip.ZipEntry.setExtra0([BZ)V @ 1
Event: 2.630 Thread 0x00000000024a7800 Uncommon trap: reason=unstable_if action=reinterpret pc=0x00000000027ecfe4 method=java.util.zip.ZipFile.getZipEntry(Ljava/lang/String;J)Ljava/util/zip/ZipEntry; @ 19
Event: 2.965 Thread 0x00000000024a7800 Uncommon trap: reason=unloaded action=reinterpret pc=0x00000000027eea3c method=java.util.zip.ZipEntry.setExtra0([BZ)V @ 37
Event: 3.651 Thread 0x00000000024a7800 Uncommon trap: reason=unstable_if action=reinterpret pc=0x000000000278836c method=java.lang.String.<init>([CII)V @ 18
Event: 3.979 Thread 0x00000000024a7800 Uncommon trap: reason=bimorphic action=maybe_recompile pc=0x00000000028d2380 method=org.objectweb.asm.MethodVisitor.visitVarInsn(II)V @ 13
Event: 3.979 Thread 0x00000000024a7800 Uncommon trap: reason=bimorphic action=maybe_recompile pc=0x00000000028d2380 method=org.objectweb.asm.MethodVisitor.visitVarInsn(II)V @ 13
Event: 3.980 Thread 0x00000000024a7800 Uncommon trap: reason=bimorphic action=maybe_recompile pc=0x00000000028d2380 method=org.objectweb.asm.MethodVisitor.visitVarInsn(II)V @ 13
Event: 3.980 Thread 0x00000000024a7800 Uncommon trap: reason=bimorphic action=maybe_recompile pc=0x00000000028d2380 method=org.objectweb.asm.MethodVisitor.visitVarInsn(II)V @ 13

Classes redefined (0 events):
No events

Internal exceptions (10 events):
Event: 2.132 Thread 0x00000000024a7800 Exception <a 'sun/nio/fs/WindowsException'> (0x00000000ff255430) thrown at [D:\src\AOSP-openjdk-cygwin\jdk8u\hotspot\src\share\vm\prims\jni.cpp, line 709]
Event: 2.413 Thread 0x00000000024a7800 Implicit null exception at 0x00000000027e7fcc to 0x00000000027e88b9
Event: 2.416 Thread 0x00000000024a7800 Implicit null exception at 0x00000000027e5e85 to 0x00000000027e680d
Event: 2.694 Thread 0x00000000024a7800 Exception <a 'sun/nio/fs/WindowsException'> (0x00000000ff1fc780) thrown at [D:\src\AOSP-openjdk-cygwin\jdk8u\hotspot\src\share\vm\prims\jni.cpp, line 709]
Event: 2.694 Thread 0x00000000024a7800 Exception <a 'sun/nio/fs/WindowsException'> (0x00000000ff1fcd50) thrown at [D:\src\AOSP-openjdk-cygwin\jdk8u\hotspot\src\share\vm\prims\jni.cpp, line 709]
Event: 2.694 Thread 0x00000000024a7800 Exception <a 'sun/nio/fs/WindowsException'> (0x00000000ff1fd348) thrown at [D:\src\AOSP-openjdk-cygwin\jdk8u\hotspot\src\share\vm\prims\jni.cpp, line 709]
Event: 2.694 Thread 0x00000000024a7800 Exception <a 'sun/nio/fs/WindowsException'> (0x00000000ff1fdb18) thrown at [D:\src\AOSP-openjdk-cygwin\jdk8u\hotspot\src\share\vm\prims\jni.cpp, line 709]
Event: 2.743 Thread 0x00000000024a7800 Exception <a 'sun/nio/fs/WindowsException'> (0x00000000ff202b20) thrown at [D:\src\AOSP-openjdk-cygwin\jdk8u\hotspot\src\share\vm\prims\jni.cpp, line 709]
Event: 3.003 Thread 0x00000000024a7800 Exception <a 'sun/nio/fs/WindowsException'> (0x00000000ff7bf718) thrown at [D:\src\AOSP-openjdk-cygwin\jdk8u\hotspot\src\share\vm\prims\jni.cpp, line 709]
Event: 3.003 Thread 0x00000000024a7800 Exception <a 'sun/nio/fs/WindowsException'> (0x00000000ff7bfc80) thrown at [D:\src\AOSP-openjdk-cygwin\jdk8u\hotspot\src\share\vm\prims\jni.cpp, line 709]

Events (10 events):
Event: 3.980 Thread 0x00000000024a7800 Uncommon trap: trap_request=0xffffffc6 fr.pc=0x00000000028d2380
Event: 3.980 Thread 0x00000000024a7800 DEOPT PACKING pc=0x00000000028d2380 sp=0x000000000249e800
Event: 3.980 Thread 0x00000000024a7800 DEOPT UNPACKING pc=0x00000000025e557b sp=0x000000000249e7b0 mode 2
Event: 3.980 Thread 0x00000000024a7800 Uncommon trap: trap_request=0xffffffc6 fr.pc=0x00000000028d2380
Event: 3.980 Thread 0x00000000024a7800 DEOPT PACKING pc=0x00000000028d2380 sp=0x000000000249e800
Event: 3.980 Thread 0x00000000024a7800 DEOPT UNPACKING pc=0x00000000025e557b sp=0x000000000249e7b0 mode 2
Event: 3.988 loading class java/util/Vector$Itr
Event: 4.068 loading class java/util/Vector$Itr done
Event: 4.152 Executing VM operation: EnableBiasedLocking
Event: 4.152 Executing VM operation: EnableBiasedLocking done


Dynamic libraries:
0x00007ff6e5840000 - 0x00007ff6e5871000 	C:\Program Files\Android\Android Studio1\jre\bin\java.exe
0x00007ff849de0000 - 0x00007ff849fa2000 	C:\Windows\SYSTEM32\ntdll.dll
0x00007ff8474a0000 - 0x00007ff84754d000 	C:\Windows\system32\KERNEL32.DLL
0x00007ff846900000 - 0x00007ff846add000 	C:\Windows\system32\KERNELBASE.dll
0x00007ff8492b0000 - 0x00007ff849356000 	C:\Windows\system32\ADVAPI32.dll
0x00007ff848f50000 - 0x00007ff848fed000 	C:\Windows\system32\msvcrt.dll
0x00007ff849030000 - 0x00007ff84908b000 	C:\Windows\system32\sechost.dll
0x00007ff849510000 - 0x00007ff849636000 	C:\Windows\system32\RPCRT4.dll
0x00007ff849160000 - 0x00007ff8492ae000 	C:\Windows\system32\USER32.dll
0x00007ff849c50000 - 0x00007ff849dd3000 	C:\Windows\system32\GDI32.dll
0x00007ff83cd00000 - 0x00007ff83cf74000 	C:\Windows\WinSxS\amd64_microsoft.windows.common-controls_6595b64144ccf1df_6.0.10240.17184_none_f41d7a705752bce6\COMCTL32.dll
0x00007ff848ff0000 - 0x00007ff849026000 	C:\Windows\system32\IMM32.DLL
0x00007ff849640000 - 0x00007ff84979c000 	C:\Windows\system32\MSCTF.dll
0x0000000072020000 - 0x00000000720f2000 	C:\Program Files\Android\Android Studio1\jre\jre\bin\msvcr100.dll
0x0000000072100000 - 0x000000007293f000 	C:\Program Files\Android\Android Studio1\jre\jre\bin\server\jvm.dll
0x00007ff8497a0000 - 0x00007ff8497a8000 	C:\Windows\system32\PSAPI.DLL
0x00007ff83f390000 - 0x00007ff83f399000 	C:\Windows\SYSTEM32\WSOCK32.dll
0x00007ff8497b0000 - 0x00007ff849819000 	C:\Windows\system32\WS2_32.dll
0x00007ff847a00000 - 0x00007ff847a08000 	C:\Windows\system32\NSI.dll
0x00007ff844e00000 - 0x00007ff844e23000 	C:\Windows\SYSTEM32\WINMM.dll
0x00007ff83e7c0000 - 0x00007ff83e7ca000 	C:\Windows\SYSTEM32\VERSION.dll
0x00007ff844cd0000 - 0x00007ff844cfc000 	C:\Windows\SYSTEM32\WINMMBASE.dll
0x00007ff846e20000 - 0x00007ff846e64000 	C:\Windows\system32\cfgmgr32.dll
0x00007ff8450c0000 - 0x00007ff8450e7000 	C:\Windows\SYSTEM32\DEVOBJ.dll
0x00007ff83f380000 - 0x00007ff83f38f000 	C:\Program Files\Android\Android Studio1\jre\jre\bin\verify.dll
0x00007ff83e950000 - 0x00007ff83e979000 	C:\Program Files\Android\Android Studio1\jre\jre\bin\java.dll
0x00007ff83f360000 - 0x00007ff83f376000 	C:\Program Files\Android\Android Studio1\jre\jre\bin\zip.dll
0x00007ff847a10000 - 0x00007ff848f33000 	C:\Windows\system32\SHELL32.dll
0x00007ff846e70000 - 0x00007ff847499000 	C:\Windows\system32\windows.storage.dll
0x00007ff8499d0000 - 0x00007ff849c4c000 	C:\Windows\system32\combase.dll
0x00007ff847940000 - 0x00007ff847991000 	C:\Windows\system32\shlwapi.dll
0x00007ff846820000 - 0x00007ff84682f000 	C:\Windows\system32\kernel.appcore.dll
0x00007ff846ae0000 - 0x00007ff846b93000 	C:\Windows\system32\shcore.dll
0x00007ff846850000 - 0x00007ff84689a000 	C:\Windows\system32\powrprof.dll
0x00007ff846830000 - 0x00007ff846843000 	C:\Windows\system32\profapi.dll
0x00007ff846070000 - 0x00007ff846087000 	C:\Windows\SYSTEM32\CRYPTSP.dll
0x00007ff846730000 - 0x00007ff846758000 	C:\Windows\SYSTEM32\bcrypt.dll
0x00007ff845cc0000 - 0x00007ff845cf3000 	C:\Windows\system32\rsaenh.dll
0x00007ff845db0000 - 0x00007ff845dcf000 	C:\Windows\SYSTEM32\USERENV.dll
0x00007ff8465c0000 - 0x00007ff84662b000 	C:\Windows\system32\bcryptprimitives.dll
0x00007ff8461e0000 - 0x00007ff8461eb000 	C:\Windows\SYSTEM32\CRYPTBASE.dll
0x00007ff83bdd0000 - 0x00007ff83bdea000 	C:\Program Files\Android\Android Studio1\jre\jre\bin\net.dll
0x00007ff846010000 - 0x00007ff84606d000 	C:\Windows\system32\mswsock.dll
0x00007ff843dd0000 - 0x00007ff843e08000 	C:\Windows\SYSTEM32\IPHLPAPI.DLL
0x00007ff8429f0000 - 0x00007ff8429fb000 	C:\Windows\SYSTEM32\WINNSI.DLL
0x00007ff840050000 - 0x00007ff840066000 	C:\Windows\SYSTEM32\dhcpcsvc6.DLL
0x00007ff83fff0000 - 0x00007ff84000a000 	C:\Windows\SYSTEM32\dhcpcsvc.DLL
0x00007ff83b850000 - 0x00007ff83b861000 	C:\Program Files\Android\Android Studio1\jre\jre\bin\nio.dll

VM Arguments:
jvm_args: -Djava.awt.headless=true -Xmx64M -Dfile.encoding=windows-1252 -Duser.country=US -Duser.language=en -Duser.variant 
java_command: com.google.devtools.build.android.desugar.Desugar --input C:\emarketvendor\app\build\intermediates\transforms\stackFramesFixer\debug\5.jar --output C:\emarketvendor\app\build\intermediates\transforms\desugar\debug\6.jar --input C:\emarketvendor\app\build\intermediates\transforms\stackFramesFixer\debug\61.jar --output C:\emarketvendor\app\build\intermediates\transforms\desugar\debug\62.jar --input C:\emarketvendor\app\build\intermediates\transforms\stackFramesFixer\debug\39.jar --output C:\emarketvendor\app\build\intermediates\transforms\desugar\debug\40.jar --input C:\emarketvendor\app\build\intermediates\transforms\stackFramesFixer\debug\53.jar --output C:\emarketvendor\app\build\intermediates\transforms\desugar\debug\54.jar --input C:\emarketvendor\app\build\intermediates\transforms\stackFramesFixer\debug\14.jar --output C:\emarketvendor\app\build\intermediates\transforms\desugar\debug\15.jar --input C:\emarketvendor\app\build\intermediates\transforms\stackFramesFixer\debug\26.jar --output C:\emarketvendor\app\build\intermediates\transforms\desugar\debug\27.jar --input C:\emarketvendor\app\build\intermediates\transforms\stackFramesFixer\debug\63.jar --output C:\emarketvendor\app\build\intermediates\transforms\desugar\debug\64.jar --input C:\emarketvendor\app\build\intermediates\transforms\stackFramesFixer\debug\8.jar --output C:\emarketvendor\app\build\intermediates\transforms\desugar\debug\9.jar --input C:\emarketvendor\app\build\intermediates\transforms\stackFramesFixer\debug\57.jar --output C:\emarketvendor\app\build\intermediates\transforms\desugar\debug\58.jar --input C:\emarketvendor\app\build\intermediates\transforms\stackFramesFixer\debug\37.jar --output C:\emarketvendor\app\build\intermediates\transforms\desugar\debug\38.jar --input C:\emarketvendor\app\build\intermediates\transforms\stackFramesFixer\debug\46.jar --output C:\emarketvendor\app\build\intermediates\transforms\desugar\debug\47.jar --input C:\emarketvendor\app\build\intermediat
java_class_path (initial): C:\Users\ALEXANDRE\AppData\Local\Temp\desugar_deploy.jar8175338514027881695
Launcher Type: SUN_STANDARD

Environment Variables:
JAVA_HOME=C:\Program Files\Java\jdk1.8.0_121
PATH=C:\ProgramData\Oracle\Java\javapath;C:\Windows\system32;C:\Windows;C:\Windows\System32\Wbem;C:\Windows\System32\WindowsPowerShell\v1.0\;C:\Qt\Qt5.6.2\5.6\mingw49_32\bin;C:\Qt\Qt5.6.2\Tools\QtCreator\bin;C:\vstudio;C:\Program Files\Java\jdk1.8.0_121\bin;C:\Qt\Qt5.6.2\5.6\mingw49_32\bin;C:\Qt\Qt5.6.2\Tools\mingw492_32;C:\Program Files (x86)\Windows Kits\8.1\Windows Performance Toolkit\;C:\Program Files (x86)\Microsoft Emulator Manager\1.0\C:\MinGW\bin;C:\MinGW\include;C:\MinGW\mingw32\bin;C:\Qt\Qt5.6.2\Tools\mingw492_32\bin;C:\Users\ALEXANDRE\Desktop\gradle-3.5\bin;C:\Program Files\Android\Android Studio\bin;C:\Program Files\Microsoft\Web Platform Installer\;C:\Program Files (x86)\Microsoft ASP.NET\ASP.NET Web Pages\v1.0\;C:\Program Files\Microsoft SQL Server\110\Tools\Binn\;C:\Program Files (x86)\MATLAB\R2013\runtime\win32;C:\Program Files (x86)\MATLAB\R2013\bin;C:\Program Files (x86)\Common Files\lenovo\easyplussdk\bin;C:\android-studio-ide-162.3934792-windows\android-studio\gradle\gradle-4.6-bin;C:\Users\ALEXANDRE\Desktop\bin;C:\Program Files (x86)\Git\cmd;C:\Program Files\Java\jre7\bin;C:\Program Files (x86)\MiKTeX 2.9\miktex\bin\;C:\Program Files\MATLAB\R2017a\runtime\win64;C:\Program Files\MATLAB\R2017a\bin;C:\Program Files\MiKTeX 2.9\miktex\bin\x64\;C:\Users\ALEXANDRE\AppData\Local\Programs\Python\Python37\Scripts\;C:\Users\ALEXANDRE\AppData\Local\Programs\Python\Python37\;C:\Program Files (x86)\Microsoft VS Code\bin
USERNAME=ALEXANDRE
OS=Windows_NT
PROCESSOR_IDENTIFIER=Intel64 Family 6 Model 42 Stepping 7, GenuineIntel



---------------  S Y S T E M  ---------------

OS: Windows 10.0 , 64 bit Build 10240 (10.0.10240.17113)

CPU:total 4 (initial active 4) (2 cores per cpu, 2 threads per core) family 6 model 42 stepping 7, cmov, cx8, fxsr, mmx, sse, sse2, sse3, ssse3, sse4.1, sse4.2, popcnt, avx, clmul, ht, tsc, tscinvbit

Memory: 4k page, physical 4140908k(427692k free), swap 5575532k(2992k free)

vm_info: OpenJDK 64-Bit Server VM (25.152-b02) for windows-amd64 JRE (1.8.0_152-release-1024-b02), built by "builder" with MS VC++ 10.0 (VS2010)

time: Fri Aug 23 19:29:30 2019
elapsed time: 5 seconds (0d 0h 0m 5s)

