#
# There is insufficient memory for the Java Runtime Environment to continue.
# Native memory allocation (malloc) failed to allocate 1048576 bytes for AllocateHeap
# Possible reasons:
#   The system is out of physical RAM or swap space
#   In 32 bit mode, the process size limit was hit
# Possible solutions:
#   Reduce memory load on the system
#   Increase physical memory or swap space
#   Check if swap backing store is full
#   Use 64 bit Java on a 64 bit OS
#   Decrease Java heap size (-Xmx/-Xms)
#   Decrease number of Java threads
#   Decrease Java thread stack sizes (-Xss)
#   Set larger code cache with -XX:ReservedCodeCacheSize=
# This output file may be truncated or incomplete.
#
#  Out of Memory Error (memory/allocation.inline.hpp:61), pid=150388, tid=0x0000000000025714
#
# JRE version:  (8.0_152-b02) (build )
# Java VM: OpenJDK 64-Bit Server VM (25.152-b02 mixed mode windows-amd64 compressed oops)
# Failed to write core dump. Minidumps are not enabled by default on client versions of Windows
#

---------------  T H R E A D  ---------------

Current thread (0x0000000002347800):  JavaThread "Unknown thread" [_thread_in_vm, id=153364, stack(0x0000000002240000,0x0000000002340000)]

Stack: [0x0000000002240000,0x0000000002340000]
[error occurred during error reporting (printing stack bounds), id 0xc0000005]

Native frames: (J=compiled Java code, j=interpreted, Vv=VM code, C=native code)


---------------  P R O C E S S  ---------------

Java Threads: ( => current thread )

Other Threads:

=>0x0000000002347800 (exited) JavaThread "Unknown thread" [_thread_in_vm, id=153364, stack(0x0000000002240000,0x0000000002340000)]

VM state:not at safepoint (normal execution)

VM Mutex/Monitor currently owned by a thread: None

Heap:
 PSYoungGen      total 18944K, used 327K [0x00000000feb00000, 0x0000000100000000, 0x0000000100000000)
  eden space 16384K, 2% used [0x00000000feb00000,0x00000000feb51ec8,0x00000000ffb00000)
  from space 2560K, 0% used [0x00000000ffd80000,0x00000000ffd80000,0x0000000100000000)
  to   space 2560K, 0% used [0x00000000ffb00000,0x00000000ffb00000,0x00000000ffd80000)
 ParOldGen       total 44032K, used 0K [0x00000000fc000000, 0x00000000feb00000, 0x00000000feb00000)
  object space 44032K, 0% used [0x00000000fc000000,0x00000000fc000000,0x00000000feb00000)
 Metaspace       used 772K, capacity 4480K, committed 4480K, reserved 1056768K
  class space    used 73K, capacity 384K, committed 384K, reserved 1048576K

Card table byte_map: [0x0000000000780000,0x00000000007b0000] byte_map_base: 0xfffffffffffa0000

Marking Bits: (ParMarkBitMap*) 0x0000000074604970
 Begin Bits: [0x0000000011c00000, 0x0000000011d00000)
 End Bits:   [0x0000000011d00000, 0x0000000011e00000)

Polling page: 0x0000000000750000

CodeCache: size=245760Kb used=328Kb max_used=328Kb free=245431Kb
 bounds [0x0000000002440000, 0x00000000026b0000, 0x0000000011440000]
 total_blobs=57 nmethods=0 adapters=38
 compilation: enabled

Compilation events (0 events):
No events

GC Heap History (0 events):
No events

Deoptimization events (0 events):
No events

Classes redefined (0 events):
No events

Internal exceptions (0 events):
No events

Events (10 events):
Event: 0.043 loading class java/lang/Short
Event: 0.043 loading class java/lang/Short done
Event: 0.043 loading class java/lang/Integer
Event: 0.043 loading class java/lang/Integer done
Event: 0.043 loading class java/lang/Long
Event: 0.043 loading class java/lang/Long done
Event: 0.044 loading class java/lang/NullPointerException
Event: 0.044 loading class java/lang/NullPointerException done
Event: 0.044 loading class java/lang/ArithmeticException
Event: 0.044 loading class java/lang/ArithmeticException done


Dynamic libraries:
0x00007ff781590000 - 0x00007ff7815c1000 	C:\Program Files\Android\Android Studio1\jre\bin\java.exe
0x00007ffd2dbc0000 - 0x00007ffd2dd82000 	C:\Windows\SYSTEM32\ntdll.dll
0x00007ffd2c990000 - 0x00007ffd2ca3d000 	C:\Windows\system32\KERNEL32.DLL
0x00007ffd2aed0000 - 0x00007ffd2b0ad000 	C:\Windows\system32\KERNELBASE.dll
0x00007ffd2b280000 - 0x00007ffd2b326000 	C:\Windows\system32\ADVAPI32.dll
0x00007ffd2da60000 - 0x00007ffd2dafd000 	C:\Windows\system32\msvcrt.dll
0x00007ffd2d2d0000 - 0x00007ffd2d32b000 	C:\Windows\system32\sechost.dll
0x00007ffd2d040000 - 0x00007ffd2d166000 	C:\Windows\system32\RPCRT4.dll
0x00007ffd2d630000 - 0x00007ffd2d77e000 	C:\Windows\system32\USER32.dll
0x00007ffd2d860000 - 0x00007ffd2d9e3000 	C:\Windows\system32\GDI32.dll
0x00007ffd20730000 - 0x00007ffd209a4000 	C:\Windows\WinSxS\amd64_microsoft.windows.common-controls_6595b64144ccf1df_6.0.10240.17184_none_f41d7a705752bce6\COMCTL32.dll
0x00007ffd2cd70000 - 0x00007ffd2cda6000 	C:\Windows\system32\IMM32.DLL
0x00007ffd2cc10000 - 0x00007ffd2cd6c000 	C:\Windows\system32\MSCTF.dll
0x0000000073d60000 - 0x0000000073e32000 	C:\Program Files\Android\Android Studio1\jre\jre\bin\msvcr100.dll
0x0000000073e40000 - 0x000000007467f000 	C:\Program Files\Android\Android Studio1\jre\jre\bin\server\jvm.dll
0x00007ffd2cdb0000 - 0x00007ffd2cdb8000 	C:\Windows\system32\PSAPI.DLL
0x00007ffd24cb0000 - 0x00007ffd24cb9000 	C:\Windows\SYSTEM32\WSOCK32.dll
0x00007ffd2d260000 - 0x00007ffd2d2c9000 	C:\Windows\system32\WS2_32.dll
0x00007ffd2b330000 - 0x00007ffd2b338000 	C:\Windows\system32\NSI.dll
0x00007ffd28c10000 - 0x00007ffd28c33000 	C:\Windows\SYSTEM32\WINMM.dll
0x00007ffd20ae0000 - 0x00007ffd20aea000 	C:\Windows\SYSTEM32\VERSION.dll
0x00007ffd28be0000 - 0x00007ffd28c0c000 	C:\Windows\SYSTEM32\WINMMBASE.dll
0x00007ffd2ae80000 - 0x00007ffd2aec4000 	C:\Windows\system32\cfgmgr32.dll
0x00007ffd28f60000 - 0x00007ffd28f87000 	C:\Windows\SYSTEM32\DEVOBJ.dll
0x00007ffd247d0000 - 0x00007ffd247df000 	C:\Program Files\Android\Android Studio1\jre\jre\bin\verify.dll
0x00007ffd22880000 - 0x00007ffd228a9000 	C:\Program Files\Android\Android Studio1\jre\jre\bin\java.dll
0x00007ffd1fa60000 - 0x00007ffd1fa76000 	C:\Program Files\Android\Android Studio1\jre\jre\bin\zip.dll

VM Arguments:
jvm_args: -Djava.awt.headless=true -Xmx64M -Dfile.encoding=windows-1252 -Duser.country=US -Duser.language=en -Duser.variant 
java_command: com.google.devtools.build.android.desugar.Desugar --input C:\emarketvendor\app\build\intermediates\transforms\stackFramesFixer\debug\17.jar --output C:\emarketvendor\app\build\intermediates\transforms\desugar\debug\18.jar --input C:\emarketvendor\app\build\intermediates\classes\debug --output C:\emarketvendor\app\build\intermediates\transforms\desugar\debug\0 --input C:\emarketvendor\app\build\intermediates\transforms\stackFramesFixer\debug\36.jar --output C:\emarketvendor\app\build\intermediates\transforms\desugar\debug\37.jar --input C:\emarketvendor\app\build\intermediates\transforms\stackFramesFixer\debug\3.jar --output C:\emarketvendor\app\build\intermediates\transforms\desugar\debug\4.jar --input C:\emarketvendor\app\build\intermediates\transforms\stackFramesFixer\debug\10.jar --output C:\emarketvendor\app\build\intermediates\transforms\desugar\debug\11.jar --input C:\emarketvendor\app\build\intermediates\transforms\stackFramesFixer\debug\50.jar --output C:\emarketvendor\app\build\intermediates\transforms\desugar\debug\51.jar --input C:\emarketvendor\app\build\intermediates\transforms\stackFramesFixer\debug\25.jar --output C:\emarketvendor\app\build\intermediates\transforms\desugar\debug\26.jar --input C:\emarketvendor\app\build\intermediates\transforms\stackFramesFixer\debug\12.jar --output C:\emarketvendor\app\build\intermediates\transforms\desugar\debug\13.jar --input C:\emarketvendor\app\build\intermediates\transforms\stackFramesFixer\debug\40.jar --output C:\emarketvendor\app\build\intermediates\transforms\desugar\debug\41.jar --input C:\emarketvendor\app\build\intermediates\transforms\stackFramesFixer\debug\53.jar --output C:\emarketvendor\app\build\intermediates\transforms\desugar\debug\54.jar --input C:\emarketvendor\app\build\intermediates\transforms\stackFramesFixer\debug\57.jar --output C:\emarketvendor\app\build\intermediates\transforms\desugar\debug\58.jar --input C:\emarketvendor\app\build\intermediates\transforms\stackFramesFixer
java_class_path (initial): C:\Users\ALEXANDRE\AppData\Local\Temp\desugar_deploy.jar4253506005595413912
Launcher Type: SUN_STANDARD

Environment Variables:
JAVA_HOME=C:\Program Files\Java\jdk1.8.0_121
PATH=C:\ProgramData\Oracle\Java\javapath;C:\Windows\system32;C:\Windows;C:\Windows\System32\Wbem;C:\Windows\System32\WindowsPowerShell\v1.0\;C:\Qt\Qt5.6.2\5.6\mingw49_32\bin;C:\Qt\Qt5.6.2\Tools\QtCreator\bin;C:\vstudio;C:\Program Files\Java\jdk1.8.0_121\bin;C:\Qt\Qt5.6.2\5.6\mingw49_32\bin;C:\Qt\Qt5.6.2\Tools\mingw492_32;C:\Program Files (x86)\Windows Kits\8.1\Windows Performance Toolkit\;C:\Program Files (x86)\Microsoft Emulator Manager\1.0\C:\MinGW\bin;C:\MinGW\include;C:\MinGW\mingw32\bin;C:\Qt\Qt5.6.2\Tools\mingw492_32\bin;C:\Users\ALEXANDRE\Desktop\gradle-3.5\bin;C:\Program Files\Android\Android Studio\bin;C:\Program Files\Microsoft\Web Platform Installer\;C:\Program Files (x86)\Microsoft ASP.NET\ASP.NET Web Pages\v1.0\;C:\Program Files\Microsoft SQL Server\110\Tools\Binn\;C:\Program Files (x86)\MATLAB\R2013\runtime\win32;C:\Program Files (x86)\MATLAB\R2013\bin;C:\Program Files (x86)\Common Files\lenovo\easyplussdk\bin;C:\android-studio-ide-162.3934792-windows\android-studio\gradle\gradle-4.6-bin;C:\Users\ALEXANDRE\Desktop\bin;C:\Program Files (x86)\Git\cmd;C:\Program Files\Java\jre7\bin;C:\Program Files (x86)\MiKTeX 2.9\miktex\bin\;C:\Program Files\MATLAB\R2017a\runtime\win64;C:\Program Files\MATLAB\R2017a\bin;C:\Program Files\MiKTeX 2.9\miktex\bin\x64\;C:\Users\ALEXANDRE\AppData\Local\Programs\Python\Python37\Scripts\;C:\Users\ALEXANDRE\AppData\Local\Programs\Python\Python37\;C:\Program Files (x86)\Microsoft VS Code\bin
USERNAME=ALEXANDRE
OS=Windows_NT
PROCESSOR_IDENTIFIER=Intel64 Family 6 Model 42 Stepping 7, GenuineIntel



---------------  S Y S T E M  ---------------

OS: Windows 10.0 , 64 bit Build 10240 (10.0.10240.17113)

CPU:total 4 (initial active 4) (2 cores per cpu, 2 threads per core) family 6 model 42 stepping 7, cmov, cx8, fxsr, mmx, sse, sse2, sse3, ssse3, sse4.1, sse4.2, popcnt, avx, clmul, ht, tsc, tscinvbit

Memory: 4k page, physical 4140908k(264712k free), swap 5575532k(70992k free)

vm_info: OpenJDK 64-Bit Server VM (25.152-b02) for windows-amd64 JRE (1.8.0_152-release-1024-b02), built by "builder" with MS VC++ 10.0 (VS2010)

time: Sat Aug 10 10:47:13 2019
elapsed time: 0 seconds (0d 0h 0m 0s)

