#
# There is insufficient memory for the Java Runtime Environment to continue.
# Native memory allocation (malloc) failed to allocate 32744 bytes for ChunkPool::allocate
# Possible reasons:
#   The system is out of physical RAM or swap space
#   In 32 bit mode, the process size limit was hit
# Possible solutions:
#   Reduce memory load on the system
#   Increase physical memory or swap space
#   Check if swap backing store is full
#   Use 64 bit Java on a 64 bit OS
#   Decrease Java heap size (-Xmx/-Xms)
#   Decrease number of Java threads
#   Decrease Java thread stack sizes (-Xss)
#   Set larger code cache with -XX:ReservedCodeCacheSize=
# This output file may be truncated or incomplete.
#
#  Out of Memory Error (allocation.cpp:273), pid=3472, tid=0x00000000000015f4
#
# JRE version: OpenJDK Runtime Environment (8.0_152-b02) (build 1.8.0_152-release-1024-b02)
# Java VM: OpenJDK 64-Bit Server VM (25.152-b02 mixed mode windows-amd64 compressed oops)
# Failed to write core dump. Minidumps are not enabled by default on client versions of Windows
#

---------------  T H R E A D  ---------------

Current thread (0x0000000012ff5000):  JavaThread "C1 CompilerThread2" daemon [_thread_in_native, id=5620, stack(0x0000000014830000,0x0000000014930000)]

Stack: [0x0000000014830000,0x0000000014930000]
[error occurred during error reporting (printing stack bounds), id 0xc0000005]

Native frames: (J=compiled Java code, j=interpreted, Vv=VM code, C=native code)


Current CompileTask:
C1:  15287  990       3       org.objectweb.asm.ClassWriter::toByteArray (1456 bytes)


---------------  P R O C E S S  ---------------

Java Threads: ( => current thread )
  0x0000000014960800 JavaThread "Service Thread" daemon [_thread_blocked, id=2972, stack(0x0000000014d30000,0x0000000014e30000)]
=>0x0000000012ff5000 JavaThread "C1 CompilerThread2" daemon [_thread_in_native, id=5620, stack(0x0000000014830000,0x0000000014930000)]
  0x0000000013003800 JavaThread "C2 CompilerThread1" daemon [_thread_blocked, id=6656, stack(0x0000000014730000,0x0000000014830000)]
  0x0000000012ffe000 JavaThread "C2 CompilerThread0" daemon [_thread_in_native, id=6008, stack(0x0000000014630000,0x0000000014730000)]
  0x0000000012ffc000 JavaThread "Attach Listener" daemon [_thread_blocked, id=7980, stack(0x0000000014530000,0x0000000014630000)]
  0x0000000012ffb000 JavaThread "Signal Dispatcher" daemon [_thread_blocked, id=6184, stack(0x0000000014430000,0x0000000014530000)]
  0x0000000012fde000 JavaThread "Finalizer" daemon [_thread_blocked, id=6200, stack(0x0000000014240000,0x0000000014340000)]
  0x0000000002bf8000 JavaThread "Reference Handler" daemon [_thread_blocked, id=2516, stack(0x0000000014140000,0x0000000014240000)]
  0x0000000002b08000 JavaThread "main" [_thread_in_native, id=732, stack(0x0000000002a00000,0x0000000002b00000)]

Other Threads:
  0x0000000012fb6800 VMThread [stack: 0x0000000014040000,0x0000000014140000] [id=1112]
  0x0000000012ff9800 WatcherThread [stack: 0x0000000014e30000,0x0000000014f30000] [id=5396]

VM state:not at safepoint (normal execution)

VM Mutex/Monitor currently owned by a thread: None

Heap:
 PSYoungGen      total 18944K, used 9822K [0x00000000feb00000, 0x0000000100000000, 0x0000000100000000)
  eden space 16384K, 44% used [0x00000000feb00000,0x00000000ff21d740,0x00000000ffb00000)
  from space 2560K, 99% used [0x00000000ffd80000,0x00000000ffffa460,0x0000000100000000)
  to   space 2560K, 0% used [0x00000000ffb00000,0x00000000ffb00000,0x00000000ffd80000)
 ParOldGen       total 44032K, used 5238K [0x00000000fc000000, 0x00000000feb00000, 0x00000000feb00000)
  object space 44032K, 11% used [0x00000000fc000000,0x00000000fc51d8f8,0x00000000feb00000)
 Metaspace       used 7674K, capacity 7880K, committed 7936K, reserved 1056768K
  class space    used 872K, capacity 970K, committed 1024K, reserved 1048576K

Card table byte_map: [0x0000000011fd0000,0x0000000012000000] byte_map_base: 0x00000000117f0000

Marking Bits: (ParMarkBitMap*) 0x000000005c014970
 Begin Bits: [0x0000000012420000, 0x0000000012520000)
 End Bits:   [0x0000000012520000, 0x0000000012620000)

Polling page: 0x00000000028d0000

CodeCache: size=245760Kb used=3730Kb max_used=3742Kb free=242029Kb
 bounds [0x0000000002c10000, 0x0000000002fc0000, 0x0000000011c10000]
 total_blobs=1319 nmethods=987 adapters=246
 compilation: enabled

Compilation events (10 events):
Event: 15.279 Thread 0x0000000012ff5000 nmethod 984 0x0000000002fb4010 code [0x0000000002fb4160, 0x0000000002fb4310]
Event: 15.279 Thread 0x0000000012ff5000  985       3       org.objectweb.asm.tree.InsnList::add (62 bytes)
Event: 15.279 Thread 0x0000000012ff5000 nmethod 985 0x0000000002fb43d0 code [0x0000000002fb4540, 0x0000000002fb4790]
Event: 15.279 Thread 0x0000000012ff5000  986       3       org.objectweb.asm.tree.AbstractInsnNode::acceptAnnotations (149 bytes)
Event: 15.280 Thread 0x0000000012ff5000 nmethod 986 0x0000000002fb4890 code [0x0000000002fb4aa0, 0x0000000002fb5658]
Event: 15.280 Thread 0x0000000012ff5000  987       3       com.google.common.collect.RegularImmutableSet::size (6 bytes)
Event: 15.280 Thread 0x0000000012ff5000 nmethod 987 0x0000000002fb5a50 code [0x0000000002fb5ba0, 0x0000000002fb5cf0]
Event: 15.280 Thread 0x0000000012ff5000  988       1       com.google.devtools.build.android.desugar.CoreLibraryRewriter::access$100 (5 bytes)
Event: 15.280 Thread 0x0000000012ff5000 nmethod 988 0x0000000002fb5d90 code [0x0000000002fb5ee0, 0x0000000002fb5fd0]
Event: 15.280 Thread 0x0000000012ff5000  990       3       org.objectweb.asm.ClassWriter::toByteArray (1456 bytes)

GC Heap History (4 events):
Event: 9.191 GC heap before
{Heap before GC invocations=1 (full 0):
 PSYoungGen      total 18944K, used 16384K [0x00000000feb00000, 0x0000000100000000, 0x0000000100000000)
  eden space 16384K, 100% used [0x00000000feb00000,0x00000000ffb00000,0x00000000ffb00000)
  from space 2560K, 0% used [0x00000000ffd80000,0x00000000ffd80000,0x0000000100000000)
  to   space 2560K, 0% used [0x00000000ffb00000,0x00000000ffb00000,0x00000000ffd80000)
 ParOldGen       total 44032K, used 0K [0x00000000fc000000, 0x00000000feb00000, 0x00000000feb00000)
  object space 44032K, 0% used [0x00000000fc000000,0x00000000fc000000,0x00000000feb00000)
 Metaspace       used 6767K, capacity 6938K, committed 7040K, reserved 1056768K
  class space    used 797K, capacity 871K, committed 896K, reserved 1048576K
Event: 9.197 GC heap after
Heap after GC invocations=1 (full 0):
 PSYoungGen      total 18944K, used 2551K [0x00000000feb00000, 0x0000000100000000, 0x0000000100000000)
  eden space 16384K, 0% used [0x00000000feb00000,0x00000000feb00000,0x00000000ffb00000)
  from space 2560K, 99% used [0x00000000ffb00000,0x00000000ffd7dc58,0x00000000ffd80000)
  to   space 2560K, 0% used [0x00000000ffd80000,0x00000000ffd80000,0x0000000100000000)
 ParOldGen       total 44032K, used 1067K [0x00000000fc000000, 0x00000000feb00000, 0x00000000feb00000)
  object space 44032K, 2% used [0x00000000fc000000,0x00000000fc10ae70,0x00000000feb00000)
 Metaspace       used 6767K, capacity 6938K, committed 7040K, reserved 1056768K
  class space    used 797K, capacity 871K, committed 896K, reserved 1048576K
}
Event: 15.026 GC heap before
{Heap before GC invocations=2 (full 0):
 PSYoungGen      total 18944K, used 18935K [0x00000000feb00000, 0x0000000100000000, 0x0000000100000000)
  eden space 16384K, 100% used [0x00000000feb00000,0x00000000ffb00000,0x00000000ffb00000)
  from space 2560K, 99% used [0x00000000ffb00000,0x00000000ffd7dc58,0x00000000ffd80000)
  to   space 2560K, 0% used [0x00000000ffd80000,0x00000000ffd80000,0x0000000100000000)
 ParOldGen       total 44032K, used 1067K [0x00000000fc000000, 0x00000000feb00000, 0x00000000feb00000)
  object space 44032K, 2% used [0x00000000fc000000,0x00000000fc10ae70,0x00000000feb00000)
 Metaspace       used 7527K, capacity 7816K, committed 7936K, reserved 1056768K
  class space    used 869K, capacity 970K, committed 1024K, reserved 1048576K
Event: 15.035 GC heap after
Heap after GC invocations=2 (full 0):
 PSYoungGen      total 18944K, used 2537K [0x00000000feb00000, 0x0000000100000000, 0x0000000100000000)
  eden space 16384K, 0% used [0x00000000feb00000,0x00000000feb00000,0x00000000ffb00000)
  from space 2560K, 99% used [0x00000000ffd80000,0x00000000ffffa460,0x0000000100000000)
  to   space 2560K, 0% used [0x00000000ffb00000,0x00000000ffb00000,0x00000000ffd80000)
 ParOldGen       total 44032K, used 5238K [0x00000000fc000000, 0x00000000feb00000, 0x00000000feb00000)
  object space 44032K, 11% used [0x00000000fc000000,0x00000000fc51d8f8,0x00000000feb00000)
 Metaspace       used 7527K, capacity 7816K, committed 7936K, reserved 1056768K
  class space    used 869K, capacity 970K, committed 1024K, reserved 1048576K
}

Deoptimization events (10 events):
Event: 9.154 Thread 0x0000000002b08000 Uncommon trap: reason=unstable_if action=reinterpret pc=0x0000000002e71ca8 method=java.util.zip.ZipCoder.decoder()Ljava/nio/charset/CharsetDecoder; @ 4
Event: 14.566 Thread 0x0000000002b08000 Uncommon trap: reason=unstable_if action=reinterpret pc=0x0000000002e663a0 method=java.util.zip.ZipEntry.setExtra0([BZ)V @ 279
Event: 14.896 Thread 0x0000000002b08000 Uncommon trap: reason=unstable_if action=reinterpret pc=0x0000000002de53ec method=java.lang.String.<init>([CII)V @ 18
Event: 15.035 Thread 0x0000000002b08000 Uncommon trap: reason=unstable_if action=reinterpret pc=0x0000000002f0055c method=org.objectweb.asm.ClassReader.readUTF8(I[C)Ljava/lang/String; @ 7
Event: 15.095 Thread 0x0000000002b08000 Uncommon trap: reason=bimorphic action=maybe_recompile pc=0x0000000002f4d2dc method=org.objectweb.asm.MethodVisitor.visitVarInsn(II)V @ 13
Event: 15.096 Thread 0x0000000002b08000 Uncommon trap: reason=bimorphic action=maybe_recompile pc=0x0000000002f4d2dc method=org.objectweb.asm.MethodVisitor.visitVarInsn(II)V @ 13
Event: 15.096 Thread 0x0000000002b08000 Uncommon trap: reason=bimorphic action=maybe_recompile pc=0x0000000002f4d2dc method=org.objectweb.asm.MethodVisitor.visitVarInsn(II)V @ 13
Event: 15.096 Thread 0x0000000002b08000 Uncommon trap: reason=bimorphic action=maybe_recompile pc=0x0000000002f4d2dc method=org.objectweb.asm.MethodVisitor.visitVarInsn(II)V @ 13
Event: 15.148 Thread 0x0000000002b08000 Uncommon trap: reason=unstable_if action=reinterpret pc=0x0000000002f4fac4 method=org.objectweb.asm.Item.isEqualTo(Lorg/objectweb/asm/Item;)Z @ 345
Event: 15.242 Thread 0x0000000002b08000 Uncommon trap: reason=unstable_if action=reinterpret pc=0x0000000002f8bb28 method=java.io.BufferedOutputStream.write(I)V @ 9

Classes redefined (0 events):
No events

Internal exceptions (10 events):
Event: 14.311 Thread 0x0000000002b08000 Exception <a 'sun/nio/fs/WindowsException'> (0x00000000ff2e47a0) thrown at [D:\src\AOSP-openjdk-cygwin\jdk8u\hotspot\src\share\vm\prims\jni.cpp, line 709]
Event: 14.311 Thread 0x0000000002b08000 Exception <a 'sun/nio/fs/WindowsException'> (0x00000000ff2e4d98) thrown at [D:\src\AOSP-openjdk-cygwin\jdk8u\hotspot\src\share\vm\prims\jni.cpp, line 709]
Event: 14.311 Thread 0x0000000002b08000 Exception <a 'sun/nio/fs/WindowsException'> (0x00000000ff2e5568) thrown at [D:\src\AOSP-openjdk-cygwin\jdk8u\hotspot\src\share\vm\prims\jni.cpp, line 709]
Event: 14.323 Thread 0x0000000002b08000 Exception <a 'sun/nio/fs/WindowsException'> (0x00000000ff2ea570) thrown at [D:\src\AOSP-openjdk-cygwin\jdk8u\hotspot\src\share\vm\prims\jni.cpp, line 709]
Event: 14.610 Thread 0x0000000002b08000 Exception <a 'sun/nio/fs/WindowsException'> (0x00000000ff8a9090) thrown at [D:\src\AOSP-openjdk-cygwin\jdk8u\hotspot\src\share\vm\prims\jni.cpp, line 709]
Event: 14.611 Thread 0x0000000002b08000 Exception <a 'sun/nio/fs/WindowsException'> (0x00000000ff8a95f8) thrown at [D:\src\AOSP-openjdk-cygwin\jdk8u\hotspot\src\share\vm\prims\jni.cpp, line 709]
Event: 14.997 Thread 0x0000000002b08000 Exception <a 'sun/nio/fs/WindowsException'> (0x00000000ffabc7c8) thrown at [D:\src\AOSP-openjdk-cygwin\jdk8u\hotspot\src\share\vm\prims\jni.cpp, line 709]
Event: 14.997 Thread 0x0000000002b08000 Exception <a 'sun/nio/fs/WindowsException'> (0x00000000ffabccb0) thrown at [D:\src\AOSP-openjdk-cygwin\jdk8u\hotspot\src\share\vm\prims\jni.cpp, line 709]
Event: 15.114 Thread 0x0000000002b08000 Exception <a 'sun/nio/fs/WindowsException'> (0x00000000feda3f68) thrown at [D:\src\AOSP-openjdk-cygwin\jdk8u\hotspot\src\share\vm\prims\jni.cpp, line 709]
Event: 15.114 Thread 0x0000000002b08000 Exception <a 'sun/nio/fs/WindowsException'> (0x00000000feda4450) thrown at [D:\src\AOSP-openjdk-cygwin\jdk8u\hotspot\src\share\vm\prims\jni.cpp, line 709]

Events (10 events):
Event: 15.242 Thread 0x0000000002b08000 DEOPT PACKING pc=0x0000000002f8bb28 sp=0x0000000002afecb0
Event: 15.242 Thread 0x0000000002b08000 DEOPT UNPACKING pc=0x0000000002c5557b sp=0x0000000002afec60 mode 2
Event: 15.252 loading class java/time/Instant
Event: 15.252 loading class java/time/temporal/Temporal
Event: 15.252 loading class java/time/temporal/TemporalAccessor
Event: 15.252 loading class java/time/temporal/TemporalAccessor done
Event: 15.252 loading class java/time/temporal/Temporal done
Event: 15.253 loading class java/time/temporal/TemporalAdjuster
Event: 15.253 loading class java/time/temporal/TemporalAdjuster done
Event: 15.253 loading class java/time/Instant done


Dynamic libraries:
0x00007ff7f7320000 - 0x00007ff7f7351000 	C:\Program Files\Android\Android Studio1\jre\bin\java.exe
0x00007ff8bf2b0000 - 0x00007ff8bf472000 	C:\Windows\SYSTEM32\ntdll.dll
0x00007ff8bd2b0000 - 0x00007ff8bd35d000 	C:\Windows\system32\KERNEL32.DLL
0x00007ff8bbd70000 - 0x00007ff8bbf4d000 	C:\Windows\system32\KERNELBASE.dll
0x00007ff8bcba0000 - 0x00007ff8bcc46000 	C:\Windows\system32\ADVAPI32.dll
0x00007ff8bcfc0000 - 0x00007ff8bd05d000 	C:\Windows\system32\msvcrt.dll
0x00007ff8bd3e0000 - 0x00007ff8bd43b000 	C:\Windows\system32\sechost.dll
0x00007ff8bd5d0000 - 0x00007ff8bd6f6000 	C:\Windows\system32\RPCRT4.dll
0x00007ff8bca50000 - 0x00007ff8bcb9e000 	C:\Windows\system32\USER32.dll
0x00007ff8bf0e0000 - 0x00007ff8bf263000 	C:\Windows\system32\GDI32.dll
0x00007ff8b30a0000 - 0x00007ff8b3314000 	C:\Windows\WinSxS\amd64_microsoft.windows.common-controls_6595b64144ccf1df_6.0.10240.17184_none_f41d7a705752bce6\COMCTL32.dll
0x00007ff8bf270000 - 0x00007ff8bf2a6000 	C:\Windows\system32\IMM32.DLL
0x00007ff8bd700000 - 0x00007ff8bd85c000 	C:\Windows\system32\MSCTF.dll
0x000000005b770000 - 0x000000005b842000 	C:\Program Files\Android\Android Studio1\jre\jre\bin\msvcr100.dll
0x000000005b850000 - 0x000000005c08f000 	C:\Program Files\Android\Android Studio1\jre\jre\bin\server\jvm.dll
0x00007ff8bd060000 - 0x00007ff8bd068000 	C:\Windows\system32\PSAPI.DLL
0x00007ff8ba3b0000 - 0x00007ff8ba3b9000 	C:\Windows\SYSTEM32\WSOCK32.dll
0x00007ff8bcf50000 - 0x00007ff8bcfb9000 	C:\Windows\system32\WS2_32.dll
0x00007ff8bd5c0000 - 0x00007ff8bd5c8000 	C:\Windows\system32\NSI.dll
0x00007ff8ba330000 - 0x00007ff8ba353000 	C:\Windows\SYSTEM32\WINMM.dll
0x00007ff8b47a0000 - 0x00007ff8b47aa000 	C:\Windows\SYSTEM32\VERSION.dll
0x00007ff8ba300000 - 0x00007ff8ba32c000 	C:\Windows\SYSTEM32\WINMMBASE.dll
0x00007ff8bbf50000 - 0x00007ff8bbf94000 	C:\Windows\system32\cfgmgr32.dll
0x00007ff8ba510000 - 0x00007ff8ba537000 	C:\Windows\SYSTEM32\DEVOBJ.dll
0x00007ff8ba380000 - 0x00007ff8ba38f000 	C:\Program Files\Android\Android Studio1\jre\jre\bin\verify.dll
0x00007ff8b73c0000 - 0x00007ff8b73e9000 	C:\Program Files\Android\Android Studio1\jre\jre\bin\java.dll
0x00007ff8b9d70000 - 0x00007ff8b9d86000 	C:\Program Files\Android\Android Studio1\jre\jre\bin\zip.dll
0x00007ff8bd8c0000 - 0x00007ff8bede3000 	C:\Windows\system32\SHELL32.dll
0x00007ff8bc170000 - 0x00007ff8bc799000 	C:\Windows\system32\windows.storage.dll
0x00007ff8bee60000 - 0x00007ff8bf0dc000 	C:\Windows\system32\combase.dll
0x00007ff8bd860000 - 0x00007ff8bd8b1000 	C:\Windows\system32\shlwapi.dll
0x00007ff8bbd20000 - 0x00007ff8bbd2f000 	C:\Windows\system32\kernel.appcore.dll
0x00007ff8bc0b0000 - 0x00007ff8bc163000 	C:\Windows\system32\shcore.dll
0x00007ff8bbcd0000 - 0x00007ff8bbd1a000 	C:\Windows\system32\powrprof.dll
0x00007ff8bbd50000 - 0x00007ff8bbd63000 	C:\Windows\system32\profapi.dll
0x00007ff8bb5a0000 - 0x00007ff8bb5b7000 	C:\Windows\SYSTEM32\CRYPTSP.dll
0x00007ff8bbc00000 - 0x00007ff8bbc28000 	C:\Windows\SYSTEM32\bcrypt.dll
0x00007ff8bb190000 - 0x00007ff8bb1c3000 	C:\Windows\system32\rsaenh.dll
0x00007ff8bb390000 - 0x00007ff8bb3af000 	C:\Windows\SYSTEM32\USERENV.dll
0x00007ff8bbaf0000 - 0x00007ff8bbb5b000 	C:\Windows\system32\bcryptprimitives.dll
0x00007ff8bb6f0000 - 0x00007ff8bb6fb000 	C:\Windows\SYSTEM32\CRYPTBASE.dll
0x00007ff8b72d0000 - 0x00007ff8b72ea000 	C:\Program Files\Android\Android Studio1\jre\jre\bin\net.dll
0x00007ff8bb540000 - 0x00007ff8bb59d000 	C:\Windows\system32\mswsock.dll
0x00007ff8b9130000 - 0x00007ff8b9168000 	C:\Windows\SYSTEM32\IPHLPAPI.DLL
0x00007ff8b9120000 - 0x00007ff8b912b000 	C:\Windows\SYSTEM32\WINNSI.DLL
0x00007ff8b6b50000 - 0x00007ff8b6b66000 	C:\Windows\SYSTEM32\dhcpcsvc6.DLL
0x00007ff8b6b30000 - 0x00007ff8b6b4a000 	C:\Windows\SYSTEM32\dhcpcsvc.DLL
0x00007ff8b7240000 - 0x00007ff8b7251000 	C:\Program Files\Android\Android Studio1\jre\jre\bin\nio.dll

VM Arguments:
jvm_args: -Djava.awt.headless=true -Xmx64M -Dfile.encoding=windows-1252 -Duser.country=US -Duser.language=en -Duser.variant 
java_command: com.google.devtools.build.android.desugar.Desugar --input C:\emarketvendor\app\build\intermediates\transforms\stackFramesFixer\debug\17.jar --output C:\emarketvendor\app\build\intermediates\transforms\desugar\debug\17.jar --input C:\emarketvendor\app\build\intermediates\transforms\stackFramesFixer\debug\5.jar --output C:\emarketvendor\app\build\intermediates\transforms\desugar\debug\5.jar --input C:\emarketvendor\app\build\intermediates\transforms\stackFramesFixer\debug\23.jar --output C:\emarketvendor\app\build\intermediates\transforms\desugar\debug\23.jar --input C:\emarketvendor\app\build\intermediates\transforms\stackFramesFixer\debug\53.jar --output C:\emarketvendor\app\build\intermediates\transforms\desugar\debug\53.jar --input C:\emarketvendor\app\build\intermediates\transforms\stackFramesFixer\debug\63.jar --output C:\emarketvendor\app\build\intermediates\transforms\desugar\debug\63.jar --input C:\emarketvendor\app\build\intermediates\transforms\stackFramesFixer\debug\44.jar --output C:\emarketvendor\app\build\intermediates\transforms\desugar\debug\44.jar --input C:\emarketvendor\app\build\intermediates\transforms\stackFramesFixer\debug\37.jar --output C:\emarketvendor\app\build\intermediates\transforms\desugar\debug\37.jar --input C:\emarketvendor\app\build\intermediates\transforms\stackFramesFixer\debug\31.jar --output C:\emarketvendor\app\build\intermediates\transforms\desugar\debug\31.jar --input C:\emarketvendor\app\build\intermediates\transforms\stackFramesFixer\debug\48.jar --output C:\emarketvendor\app\build\intermediates\transforms\desugar\debug\48.jar --input C:\emarketvendor\app\build\intermediates\transforms\stackFramesFixer\debug\29.jar --output C:\emarketvendor\app\build\intermediates\transforms\desugar\debug\29.jar --input C:\emarketvendor\app\build\intermediates\transforms\stackFramesFixer\debug\59.jar --output C:\emarketvendor\app\build\intermediates\transforms\desugar\debug\59.jar --input C:\emarketvendor\app\build\intermedi
java_class_path (initial): C:\Users\ALEXANDRE\AppData\Local\Temp\desugar_deploy.jar4284897928995690767
Launcher Type: SUN_STANDARD

Environment Variables:
JAVA_HOME=C:\Program Files\Java\jdk1.8.0_121
PATH=C:\ProgramData\Oracle\Java\javapath;C:\Windows\system32;C:\Windows;C:\Windows\System32\Wbem;C:\Windows\System32\WindowsPowerShell\v1.0\;C:\Qt\Qt5.6.2\5.6\mingw49_32\bin;C:\Qt\Qt5.6.2\Tools\QtCreator\bin;C:\vstudio;C:\Program Files\Java\jdk1.8.0_121\bin;C:\Qt\Qt5.6.2\5.6\mingw49_32\bin;C:\Qt\Qt5.6.2\Tools\mingw492_32;C:\Program Files (x86)\Windows Kits\8.1\Windows Performance Toolkit\;C:\Program Files (x86)\Microsoft Emulator Manager\1.0\C:\MinGW\bin;C:\MinGW\include;C:\MinGW\mingw32\bin;C:\Qt\Qt5.6.2\Tools\mingw492_32\bin;C:\Users\ALEXANDRE\Desktop\gradle-3.5\bin;C:\Program Files\Android\Android Studio\bin;C:\Program Files\Microsoft\Web Platform Installer\;C:\Program Files (x86)\Microsoft ASP.NET\ASP.NET Web Pages\v1.0\;C:\Program Files\Microsoft SQL Server\110\Tools\Binn\;C:\Program Files (x86)\MATLAB\R2013\runtime\win32;C:\Program Files (x86)\MATLAB\R2013\bin;C:\Program Files (x86)\Common Files\lenovo\easyplussdk\bin;C:\android-studio-ide-162.3934792-windows\android-studio\gradle\gradle-4.6-bin;C:\Users\ALEXANDRE\Desktop\bin;C:\Program Files (x86)\Git\cmd;C:\Program Files\Java\jre7\bin;C:\Program Files (x86)\MiKTeX 2.9\miktex\bin\;C:\Program Files\MATLAB\R2017a\runtime\win64;C:\Program Files\MATLAB\R2017a\bin;C:\Program Files\MiKTeX 2.9\miktex\bin\x64\;C:\Program Files\nodejs\;C:\ProgramData\chocolatey\bin;C:\Users\ALEXANDRE\AppData\Local\Programs\Python\Python37\Scripts\;C:\Users\ALEXANDRE\AppData\Local\Programs\Python\Python37\;C:\Program Files (x86)\Microsoft VS Code\bin;C:\Users\ALEXANDRE\AppData\Roaming\npm
USERNAME=ALEXANDRE
OS=Windows_NT
PROCESSOR_IDENTIFIER=Intel64 Family 6 Model 42 Stepping 7, GenuineIntel



---------------  S Y S T E M  ---------------

OS: Windows 10.0 , 64 bit Build 10240 (10.0.10240.17113)

CPU:total 4 (initial active 4) (2 cores per cpu, 2 threads per core) family 6 model 42 stepping 7, cmov, cx8, fxsr, mmx, sse, sse2, sse3, ssse3, sse4.1, sse4.2, popcnt, avx, clmul, ht, tsc, tscinvbit

Memory: 4k page, physical 4140908k(288304k free), swap 5575532k(4116k free)

vm_info: OpenJDK 64-Bit Server VM (25.152-b02) for windows-amd64 JRE (1.8.0_152-release-1024-b02), built by "builder" with MS VC++ 10.0 (VS2010)

time: Mon Jan 20 16:18:30 2020
elapsed time: 15 seconds (0d 0h 0m 15s)

