#
# There is insufficient memory for the Java Runtime Environment to continue.
# Native memory allocation (malloc) failed to allocate 32744 bytes for ChunkPool::allocate
# Possible reasons:
#   The system is out of physical RAM or swap space
#   In 32 bit mode, the process size limit was hit
# Possible solutions:
#   Reduce memory load on the system
#   Increase physical memory or swap space
#   Check if swap backing store is full
#   Use 64 bit Java on a 64 bit OS
#   Decrease Java heap size (-Xmx/-Xms)
#   Decrease number of Java threads
#   Decrease Java thread stack sizes (-Xss)
#   Set larger code cache with -XX:ReservedCodeCacheSize=
# This output file may be truncated or incomplete.
#
#  Out of Memory Error (allocation.cpp:273), pid=109916, tid=0x000000000001ab94
#
# JRE version: OpenJDK Runtime Environment (8.0_152-b02) (build 1.8.0_152-release-1024-b02)
# Java VM: OpenJDK 64-Bit Server VM (25.152-b02 mixed mode windows-amd64 compressed oops)
# Failed to write core dump. Minidumps are not enabled by default on client versions of Windows
#

---------------  T H R E A D  ---------------

Current thread (0x00000000147a8800):  JavaThread "C1 CompilerThread2" daemon [_thread_in_native, id=109460, stack(0x0000000014b90000,0x0000000014c90000)]

Stack: [0x0000000014b90000,0x0000000014c90000]
[error occurred during error reporting (printing stack bounds), id 0xc0000005]

Native frames: (J=compiled Java code, j=interpreted, Vv=VM code, C=native code)


Current CompileTask:
C1:   4561  863       3       org.objectweb.asm.ClassReader::readCode (3575 bytes)


---------------  P R O C E S S  ---------------

Java Threads: ( => current thread )
  0x000000001309e000 JavaThread "Service Thread" daemon [_thread_blocked, id=109104, stack(0x0000000014c90000,0x0000000014d90000)]
=>0x00000000147a8800 JavaThread "C1 CompilerThread2" daemon [_thread_in_native, id=109460, stack(0x0000000014b90000,0x0000000014c90000)]
  0x0000000013043800 JavaThread "C2 CompilerThread1" daemon [_thread_blocked, id=109468, stack(0x0000000014690000,0x0000000014790000)]
  0x0000000013052000 JavaThread "C2 CompilerThread0" daemon [_thread_blocked, id=109428, stack(0x0000000014590000,0x0000000014690000)]
  0x0000000013050800 JavaThread "Attach Listener" daemon [_thread_blocked, id=110588, stack(0x0000000014490000,0x0000000014590000)]
  0x000000001304f000 JavaThread "Signal Dispatcher" daemon [_thread_blocked, id=109308, stack(0x0000000014390000,0x0000000014490000)]
  0x0000000002cdd800 JavaThread "Finalizer" daemon [_thread_blocked, id=107120, stack(0x0000000014290000,0x0000000014390000)]
  0x0000000002cdc800 JavaThread "Reference Handler" daemon [_thread_blocked, id=110516, stack(0x0000000014190000,0x0000000014290000)]
  0x0000000002bde000 JavaThread "main" [_thread_in_Java, id=110208, stack(0x00000000029e0000,0x0000000002ae0000)]

Other Threads:
  0x0000000013006800 VMThread [stack: 0x0000000014090000,0x0000000014190000] [id=109976]
  0x00000000147aa000 WatcherThread [stack: 0x0000000014d90000,0x0000000014e90000] [id=108912]

VM state:not at safepoint (normal execution)

VM Mutex/Monitor currently owned by a thread: None

Heap:
 PSYoungGen      total 18944K, used 5203K [0x00000000feb00000, 0x0000000100000000, 0x0000000100000000)
  eden space 16384K, 16% used [0x00000000feb00000,0x00000000fed97d00,0x00000000ffb00000)
  from space 2560K, 99% used [0x00000000ffd80000,0x00000000ffffd048,0x0000000100000000)
  to   space 2560K, 0% used [0x00000000ffb00000,0x00000000ffb00000,0x00000000ffd80000)
 ParOldGen       total 44032K, used 5839K [0x00000000fc000000, 0x00000000feb00000, 0x00000000feb00000)
  object space 44032K, 13% used [0x00000000fc000000,0x00000000fc5b3c80,0x00000000feb00000)
 Metaspace       used 7517K, capacity 7740K, committed 7936K, reserved 1056768K
  class space    used 871K, capacity 970K, committed 1024K, reserved 1048576K

Card table byte_map: [0x0000000002810000,0x0000000002840000] byte_map_base: 0x0000000002030000

Marking Bits: (ParMarkBitMap*) 0x0000000058c94970
 Begin Bits: [0x00000000124a0000, 0x00000000125a0000)
 End Bits:   [0x00000000125a0000, 0x00000000126a0000)

Polling page: 0x00000000010b0000

CodeCache: size=245760Kb used=2978Kb max_used=2978Kb free=242781Kb
 bounds [0x0000000002ce0000, 0x0000000002fd0000, 0x0000000011ce0000]
 total_blobs=1194 nmethods=862 adapters=246
 compilation: enabled

Compilation events (10 events):
Event: 4.532 Thread 0x00000000147a8800 nmethod 858 0x0000000002fc7450 code [0x0000000002fc75e0, 0x0000000002fc7a10]
Event: 4.532 Thread 0x00000000147a8800  859       3       org.objectweb.asm.MethodVisitor::visitInsn (16 bytes)
Event: 4.532 Thread 0x00000000147a8800 nmethod 859 0x0000000002fc7c10 code [0x0000000002fc7d80, 0x0000000002fc7fe8]
Event: 4.541 Thread 0x00000000147a8800  860       3       org.objectweb.asm.ByteVector::put12 (64 bytes)
Event: 4.542 Thread 0x00000000147a8800 nmethod 860 0x0000000002fc80d0 code [0x0000000002fc8240, 0x0000000002fc84c8]
Event: 4.542 Thread 0x00000000147a8800  861       3       org.objectweb.asm.MethodVisitor::visitMethodInsn (68 bytes)
Event: 4.542 Thread 0x00000000147a8800 nmethod 861 0x0000000002fc8650 code [0x0000000002fc87e0, 0x0000000002fc8c88]
Event: 4.543 Thread 0x00000000147a8800  862       3       org.objectweb.asm.ClassReader::createDebugLabel (22 bytes)
Event: 4.543 Thread 0x00000000147a8800 nmethod 862 0x0000000002fc8e10 code [0x0000000002fc8fa0, 0x0000000002fc94f0]
Event: 4.544 Thread 0x00000000147a8800  863       3       org.objectweb.asm.ClassReader::readCode (3575 bytes)

GC Heap History (4 events):
Event: 3.117 GC heap before
{Heap before GC invocations=1 (full 0):
 PSYoungGen      total 18944K, used 16384K [0x00000000feb00000, 0x0000000100000000, 0x0000000100000000)
  eden space 16384K, 100% used [0x00000000feb00000,0x00000000ffb00000,0x00000000ffb00000)
  from space 2560K, 0% used [0x00000000ffd80000,0x00000000ffd80000,0x0000000100000000)
  to   space 2560K, 0% used [0x00000000ffb00000,0x00000000ffb00000,0x00000000ffd80000)
 ParOldGen       total 44032K, used 0K [0x00000000fc000000, 0x00000000feb00000, 0x00000000feb00000)
  object space 44032K, 0% used [0x00000000fc000000,0x00000000fc000000,0x00000000feb00000)
 Metaspace       used 6712K, capacity 6926K, committed 7040K, reserved 1056768K
  class space    used 791K, capacity 871K, committed 896K, reserved 1048576K
Event: 3.126 GC heap after
Heap after GC invocations=1 (full 0):
 PSYoungGen      total 18944K, used 2538K [0x00000000feb00000, 0x0000000100000000, 0x0000000100000000)
  eden space 16384K, 0% used [0x00000000feb00000,0x00000000feb00000,0x00000000ffb00000)
  from space 2560K, 99% used [0x00000000ffb00000,0x00000000ffd7a818,0x00000000ffd80000)
  to   space 2560K, 0% used [0x00000000ffd80000,0x00000000ffd80000,0x0000000100000000)
 ParOldGen       total 44032K, used 1433K [0x00000000fc000000, 0x00000000feb00000, 0x00000000feb00000)
  object space 44032K, 3% used [0x00000000fc000000,0x00000000fc166640,0x00000000feb00000)
 Metaspace       used 6712K, capacity 6926K, committed 7040K, reserved 1056768K
  class space    used 791K, capacity 871K, committed 896K, reserved 1048576K
}
Event: 4.070 GC heap before
{Heap before GC invocations=2 (full 0):
 PSYoungGen      total 18944K, used 18922K [0x00000000feb00000, 0x0000000100000000, 0x0000000100000000)
  eden space 16384K, 100% used [0x00000000feb00000,0x00000000ffb00000,0x00000000ffb00000)
  from space 2560K, 99% used [0x00000000ffb00000,0x00000000ffd7a818,0x00000000ffd80000)
  to   space 2560K, 0% used [0x00000000ffd80000,0x00000000ffd80000,0x0000000100000000)
 ParOldGen       total 44032K, used 1433K [0x00000000fc000000, 0x00000000feb00000, 0x00000000feb00000)
  object space 44032K, 3% used [0x00000000fc000000,0x00000000fc166640,0x00000000feb00000)
 Metaspace       used 6927K, capacity 7132K, committed 7296K, reserved 1056768K
  class space    used 811K, capacity 874K, committed 896K, reserved 1048576K
Event: 4.084 GC heap after
Heap after GC invocations=2 (full 0):
 PSYoungGen      total 18944K, used 2548K [0x00000000feb00000, 0x0000000100000000, 0x0000000100000000)
  eden space 16384K, 0% used [0x00000000feb00000,0x00000000feb00000,0x00000000ffb00000)
  from space 2560K, 99% used [0x00000000ffd80000,0x00000000ffffd048,0x0000000100000000)
  to   space 2560K, 0% used [0x00000000ffb00000,0x00000000ffb00000,0x00000000ffd80000)
 ParOldGen       total 44032K, used 5839K [0x00000000fc000000, 0x00000000feb00000, 0x00000000feb00000)
  object space 44032K, 13% used [0x00000000fc000000,0x00000000fc5b3c80,0x00000000feb00000)
 Metaspace       used 6927K, capacity 7132K, committed 7296K, reserved 1056768K
  class space    used 811K, capacity 874K, committed 896K, reserved 1048576K
}

Deoptimization events (10 events):
Event: 3.038 Thread 0x0000000002bde000 Uncommon trap: reason=unstable_if action=reinterpret pc=0x0000000002f1cf58 method=java.util.zip.ZipEntry.setExtra0([BZ)V @ 1
Event: 3.045 Thread 0x0000000002bde000 Uncommon trap: reason=unstable_if action=reinterpret pc=0x0000000002f21b88 method=java.util.zip.ZipFile$ZipEntryIterator.hasNext()Z @ 25
Event: 3.045 Thread 0x0000000002bde000 Uncommon trap: reason=unstable_if action=reinterpret pc=0x0000000002f299b8 method=java.util.zip.ZipCoder.decoder()Ljava/nio/charset/CharsetDecoder; @ 4
Event: 3.047 Thread 0x0000000002bde000 Uncommon trap: reason=unstable_if action=reinterpret pc=0x0000000002f2125c method=java.util.zip.ZipFile$ZipEntryIterator.hasNext()Z @ 25
Event: 3.048 Thread 0x0000000002bde000 Uncommon trap: reason=unstable_if action=reinterpret pc=0x0000000002f2eb8c method=java.util.zip.ZipCoder.decoder()Ljava/nio/charset/CharsetDecoder; @ 4
Event: 3.196 Thread 0x0000000002bde000 Uncommon trap: reason=unstable_if action=reinterpret pc=0x0000000002f3104c method=java.util.zip.ZipCoder.decoder()Ljava/nio/charset/CharsetDecoder; @ 4
Event: 3.198 Thread 0x0000000002bde000 Uncommon trap: reason=unstable_if action=reinterpret pc=0x0000000002f2035c method=java.util.zip.ZipCoder.decoder()Ljava/nio/charset/CharsetDecoder; @ 4
Event: 3.198 Thread 0x0000000002bde000 Uncommon trap: reason=unstable_if action=reinterpret pc=0x0000000002f1c92c method=java.util.zip.ZipCoder.decoder()Ljava/nio/charset/CharsetDecoder; @ 4
Event: 3.714 Thread 0x0000000002bde000 Uncommon trap: reason=unloaded action=reinterpret pc=0x0000000002f3313c method=java.util.zip.ZipEntry.setExtra0([BZ)V @ 37
Event: 4.167 Thread 0x0000000002bde000 Uncommon trap: reason=unstable_if action=reinterpret pc=0x0000000002ed986c method=java.lang.String.<init>([CII)V @ 18

Classes redefined (0 events):
No events

Internal exceptions (10 events):
Event: 3.196 Thread 0x0000000002bde000 Implicit null exception at 0x0000000002f30685 to 0x0000000002f3100d
Event: 3.197 Thread 0x0000000002bde000 Implicit null exception at 0x0000000002f1fd64 to 0x0000000002f2032d
Event: 3.198 Thread 0x0000000002bde000 Implicit null exception at 0x0000000002f1c4b8 to 0x0000000002f1c911
Event: 3.449 Thread 0x0000000002bde000 Exception <a 'sun/nio/fs/WindowsException'> (0x00000000ff202490) thrown at [D:\src\AOSP-openjdk-cygwin\jdk8u\hotspot\src\share\vm\prims\jni.cpp, line 709]
Event: 3.449 Thread 0x0000000002bde000 Exception <a 'sun/nio/fs/WindowsException'> (0x00000000ff202a60) thrown at [D:\src\AOSP-openjdk-cygwin\jdk8u\hotspot\src\share\vm\prims\jni.cpp, line 709]
Event: 3.449 Thread 0x0000000002bde000 Exception <a 'sun/nio/fs/WindowsException'> (0x00000000ff203058) thrown at [D:\src\AOSP-openjdk-cygwin\jdk8u\hotspot\src\share\vm\prims\jni.cpp, line 709]
Event: 3.449 Thread 0x0000000002bde000 Exception <a 'sun/nio/fs/WindowsException'> (0x00000000ff203828) thrown at [D:\src\AOSP-openjdk-cygwin\jdk8u\hotspot\src\share\vm\prims\jni.cpp, line 709]
Event: 3.464 Thread 0x0000000002bde000 Exception <a 'sun/nio/fs/WindowsException'> (0x00000000ff208830) thrown at [D:\src\AOSP-openjdk-cygwin\jdk8u\hotspot\src\share\vm\prims\jni.cpp, line 709]
Event: 4.100 Thread 0x0000000002bde000 Exception <a 'sun/nio/fs/WindowsException'> (0x00000000feba6ea0) thrown at [D:\src\AOSP-openjdk-cygwin\jdk8u\hotspot\src\share\vm\prims\jni.cpp, line 709]
Event: 4.100 Thread 0x0000000002bde000 Exception <a 'sun/nio/fs/WindowsException'> (0x00000000feba7458) thrown at [D:\src\AOSP-openjdk-cygwin\jdk8u\hotspot\src\share\vm\prims\jni.cpp, line 709]

Events (10 events):
Event: 4.486 loading class org/objectweb/asm/tree/JumpInsnNode
Event: 4.486 loading class org/objectweb/asm/tree/JumpInsnNode done
Event: 4.486 loading class org/objectweb/asm/tree/FieldInsnNode
Event: 4.486 loading class org/objectweb/asm/tree/FieldInsnNode done
Event: 4.487 loading class org/objectweb/asm/tree/TypeInsnNode
Event: 4.487 loading class org/objectweb/asm/tree/TypeInsnNode done
Event: 4.488 loading class org/objectweb/asm/tree/VarInsnNode
Event: 4.488 loading class org/objectweb/asm/tree/VarInsnNode done
Event: 4.489 loading class org/objectweb/asm/tree/InsnList
Event: 4.489 loading class org/objectweb/asm/tree/InsnList done


Dynamic libraries:
0x00007ff70f450000 - 0x00007ff70f481000 	C:\Program Files\Android\Android Studio1\jre\bin\java.exe
0x00007ffeffeb0000 - 0x00007fff00072000 	C:\Windows\SYSTEM32\ntdll.dll
0x00007ffefedf0000 - 0x00007ffefee9d000 	C:\Windows\system32\KERNEL32.DLL
0x00007ffefd2d0000 - 0x00007ffefd4ad000 	C:\Windows\system32\KERNELBASE.dll
0x00007ffefeff0000 - 0x00007ffeff096000 	C:\Windows\system32\ADVAPI32.dll
0x00007ffeff210000 - 0x00007ffeff2ad000 	C:\Windows\system32\msvcrt.dll
0x00007ffeff0a0000 - 0x00007ffeff0fb000 	C:\Windows\system32\sechost.dll
0x00007ffefd570000 - 0x00007ffefd696000 	C:\Windows\system32\RPCRT4.dll
0x00007ffefeea0000 - 0x00007ffefefee000 	C:\Windows\system32\USER32.dll
0x00007ffeff4d0000 - 0x00007ffeff653000 	C:\Windows\system32\GDI32.dll
0x00007ffef41c0000 - 0x00007ffef4434000 	C:\Windows\WinSxS\amd64_microsoft.windows.common-controls_6595b64144ccf1df_6.0.10240.17184_none_f41d7a705752bce6\COMCTL32.dll
0x00007ffeff1d0000 - 0x00007ffeff206000 	C:\Windows\system32\IMM32.DLL
0x00007ffeffd50000 - 0x00007ffeffeac000 	C:\Windows\system32\MSCTF.dll
0x00000000583f0000 - 0x00000000584c2000 	C:\Program Files\Android\Android Studio1\jre\jre\bin\msvcr100.dll
0x00000000584d0000 - 0x0000000058d0f000 	C:\Program Files\Android\Android Studio1\jre\jre\bin\server\jvm.dll
0x00007ffefd750000 - 0x00007ffefd758000 	C:\Windows\system32\PSAPI.DLL
0x00007ffef4800000 - 0x00007ffef4809000 	C:\Windows\SYSTEM32\WSOCK32.dll
0x00007ffefa940000 - 0x00007ffefa963000 	C:\Windows\SYSTEM32\WINMM.dll
0x00007ffeff160000 - 0x00007ffeff1c9000 	C:\Windows\system32\WS2_32.dll
0x00007ffeff660000 - 0x00007ffeff668000 	C:\Windows\system32\NSI.dll
0x00007ffef4990000 - 0x00007ffef499a000 	C:\Windows\SYSTEM32\VERSION.dll
0x00007ffefa8e0000 - 0x00007ffefa90c000 	C:\Windows\SYSTEM32\WINMMBASE.dll
0x00007ffefcbf0000 - 0x00007ffefcc34000 	C:\Windows\system32\cfgmgr32.dll
0x00007ffefb190000 - 0x00007ffefb1b7000 	C:\Windows\SYSTEM32\DEVOBJ.dll
0x00007ffef3240000 - 0x00007ffef324f000 	C:\Program Files\Android\Android Studio1\jre\jre\bin\verify.dll
0x00007ffeeefc0000 - 0x00007ffeeefe9000 	C:\Program Files\Android\Android Studio1\jre\jre\bin\java.dll
0x00007ffeefdc0000 - 0x00007ffeefdd6000 	C:\Program Files\Android\Android Studio1\jre\jre\bin\zip.dll
0x00007ffefd8c0000 - 0x00007ffefede3000 	C:\Windows\system32\SHELL32.dll
0x00007ffefcc40000 - 0x00007ffefd269000 	C:\Windows\system32\windows.storage.dll
0x00007ffeffad0000 - 0x00007ffeffd4c000 	C:\Windows\system32\combase.dll
0x00007ffeff840000 - 0x00007ffeff891000 	C:\Windows\system32\shlwapi.dll
0x00007ffefc940000 - 0x00007ffefc94f000 	C:\Windows\system32\kernel.appcore.dll
0x00007ffefd4b0000 - 0x00007ffefd563000 	C:\Windows\system32\shcore.dll
0x00007ffefc8d0000 - 0x00007ffefc91a000 	C:\Windows\system32\powrprof.dll
0x00007ffefc950000 - 0x00007ffefc963000 	C:\Windows\system32\profapi.dll
0x00007ffefc140000 - 0x00007ffefc157000 	C:\Windows\SYSTEM32\CRYPTSP.dll
0x00007ffefc800000 - 0x00007ffefc828000 	C:\Windows\SYSTEM32\bcrypt.dll
0x00007ffefbd90000 - 0x00007ffefbdc3000 	C:\Windows\system32\rsaenh.dll
0x00007ffefbf30000 - 0x00007ffefbf4f000 	C:\Windows\SYSTEM32\USERENV.dll
0x00007ffefc6f0000 - 0x00007ffefc75b000 	C:\Windows\system32\bcryptprimitives.dll
0x00007ffefc290000 - 0x00007ffefc29b000 	C:\Windows\SYSTEM32\CRYPTBASE.dll
0x00007ffeefc80000 - 0x00007ffeefc9a000 	C:\Program Files\Android\Android Studio1\jre\jre\bin\net.dll
0x00007ffefc0e0000 - 0x00007ffefc13d000 	C:\Windows\system32\mswsock.dll
0x00007ffefa460000 - 0x00007ffefa498000 	C:\Windows\SYSTEM32\IPHLPAPI.DLL
0x00007ffefa230000 - 0x00007ffefa23b000 	C:\Windows\SYSTEM32\WINNSI.DLL
0x00007ffef91a0000 - 0x00007ffef91b6000 	C:\Windows\SYSTEM32\dhcpcsvc6.DLL
0x00007ffef9180000 - 0x00007ffef919a000 	C:\Windows\SYSTEM32\dhcpcsvc.DLL
0x00007ffeefb40000 - 0x00007ffeefb51000 	C:\Program Files\Android\Android Studio1\jre\jre\bin\nio.dll

VM Arguments:
jvm_args: -Djava.awt.headless=true -Xmx64M -Dfile.encoding=windows-1252 -Duser.country=US -Duser.language=en -Duser.variant 
java_command: com.google.devtools.build.android.desugar.Desugar --input C:\Users\ALEXANDRE\AndroidStudioProjects\emarketvendor\app\build\intermediates\transforms\stackFramesFixer\debug\142.jar --output C:\Users\ALEXANDRE\AndroidStudioProjects\emarketvendor\app\build\intermediates\transforms\desugar\debug\139.jar --input C:\Users\ALEXANDRE\AndroidStudioProjects\emarketvendor\app\build\intermediates\transforms\stackFramesFixer\debug\137.jar --output C:\Users\ALEXANDRE\AndroidStudioProjects\emarketvendor\app\build\intermediates\transforms\desugar\debug\143.jar --input C:\Users\ALEXANDRE\AndroidStudioProjects\emarketvendor\app\build\intermediates\transforms\stackFramesFixer\debug\143.jar --output C:\Users\ALEXANDRE\AndroidStudioProjects\emarketvendor\app\build\intermediates\transforms\desugar\debug\142.jar --classpath_entry C:\Users\ALEXANDRE\AndroidStudioProjects\emarketvendor\app\build\intermediates\classes\debug --classpath_entry C:\Users\ALEXANDRE\AndroidStudioProjects\emarketvendor\app\build\intermediates\transforms\stackFramesFixer\debug\138.jar --classpath_entry C:\Users\ALEXANDRE\AndroidStudioProjects\emarketvendor\app\build\intermediates\transforms\stackFramesFixer\debug\140.jar --classpath_entry C:\Users\ALEXANDRE\AndroidStudioProjects\emarketvendor\app\build\intermediates\transforms\stackFramesFixer\debug\142.jar --classpath_entry C:\Users\ALEXANDRE\AndroidStudioProjects\emarketvendor\app\build\intermediates\transforms\stackFramesFixer\debug\139.jar --classpath_entry C:\Users\ALEXANDRE\AndroidStudioProjects\emarketvendor\app\build\intermediates\transforms\stackFramesFixer\debug\141.jar --classpath_entry C:\Users\ALEXANDRE\AndroidStudioProjects\emarketvendor\app\build\intermediates\transforms\stackFramesFixer\debug\143.jar --classpath_entry C:\Users\ALEXANDRE\AndroidStudioProjects\emarketvendor\app\build\intermediates\transforms\stackFramesFixer\debug\137.jar --classpath_entry C:\Users\ALEXANDRE\AndroidStudioProjects\emarketvendor\app\build\intermediates\tra
java_class_path (initial): C:\Users\ALEXANDRE\AppData\Local\Temp\desugar_deploy.jar4276301466631697169
Launcher Type: SUN_STANDARD

Environment Variables:
JAVA_HOME=C:\Program Files\Java\jdk1.8.0_121
PATH=C:\ProgramData\Oracle\Java\javapath;C:\Windows\system32;C:\Windows;C:\Windows\System32\Wbem;C:\Windows\System32\WindowsPowerShell\v1.0\;C:\Qt\Qt5.6.2\5.6\mingw49_32\bin;C:\Qt\Qt5.6.2\Tools\QtCreator\bin;C:\vstudio;C:\Program Files\Java\jdk1.8.0_121\bin;C:\Qt\Qt5.6.2\5.6\mingw49_32\bin;C:\Qt\Qt5.6.2\Tools\mingw492_32;C:\Program Files (x86)\Windows Kits\8.1\Windows Performance Toolkit\;C:\Program Files (x86)\Microsoft Emulator Manager\1.0\C:\MinGW\bin;C:\MinGW\include;C:\MinGW\mingw32\bin;C:\Qt\Qt5.6.2\Tools\mingw492_32\bin;C:\Users\ALEXANDRE\Desktop\gradle-3.5\bin;C:\Program Files\Android\Android Studio\bin;C:\Program Files\Microsoft\Web Platform Installer\;C:\Program Files (x86)\Microsoft ASP.NET\ASP.NET Web Pages\v1.0\;C:\Program Files\Microsoft SQL Server\110\Tools\Binn\;C:\Program Files (x86)\MATLAB\R2013\runtime\win32;C:\Program Files (x86)\MATLAB\R2013\bin;C:\Program Files (x86)\Common Files\lenovo\easyplussdk\bin;C:\android-studio-ide-162.3934792-windows\android-studio\gradle\gradle-4.6-bin;C:\Users\ALEXANDRE\Desktop\bin;C:\Program Files (x86)\Git\cmd;C:\Program Files\Java\jre7\bin;;C:\Program Files (x86)\Microsoft VS Code\bin
USERNAME=ALEXANDRE
OS=Windows_NT
PROCESSOR_IDENTIFIER=Intel64 Family 6 Model 42 Stepping 7, GenuineIntel



---------------  S Y S T E M  ---------------

OS: Windows 10.0 , 64 bit Build 10240 (10.0.10240.17113)

CPU:total 4 (initial active 4) (2 cores per cpu, 2 threads per core) family 6 model 42 stepping 7, cmov, cx8, fxsr, mmx, sse, sse2, sse3, ssse3, sse4.1, sse4.2, popcnt, avx, clmul, ht, tsc, tscinvbit

Memory: 4k page, physical 4140908k(239328k free), swap 5575532k(1788k free)

vm_info: OpenJDK 64-Bit Server VM (25.152-b02) for windows-amd64 JRE (1.8.0_152-release-1024-b02), built by "builder" with MS VC++ 10.0 (VS2010)

time: Sun Oct 28 20:42:44 2018
elapsed time: 4 seconds (0d 0h 0m 4s)

