#
# There is insufficient memory for the Java Runtime Environment to continue.
# Native memory allocation (malloc) failed to allocate 349008 bytes for Chunk::new
# Possible reasons:
#   The system is out of physical RAM or swap space
#   In 32 bit mode, the process size limit was hit
# Possible solutions:
#   Reduce memory load on the system
#   Increase physical memory or swap space
#   Check if swap backing store is full
#   Use 64 bit Java on a 64 bit OS
#   Decrease Java heap size (-Xmx/-Xms)
#   Decrease number of Java threads
#   Decrease Java thread stack sizes (-Xss)
#   Set larger code cache with -XX:ReservedCodeCacheSize=
# This output file may be truncated or incomplete.
#
#  Out of Memory Error (allocation.cpp:390), pid=153628, tid=0x0000000000025984
#
# JRE version: OpenJDK Runtime Environment (8.0_152-b02) (build 1.8.0_152-release-1024-b02)
# Java VM: OpenJDK 64-Bit Server VM (25.152-b02 mixed mode windows-amd64 compressed oops)
# Failed to write core dump. Minidumps are not enabled by default on client versions of Windows
#

---------------  T H R E A D  ---------------

Current thread (0x00000000134d3000):  JavaThread "C2 CompilerThread1" daemon [_thread_in_native, id=153988, stack(0x0000000014c10000,0x0000000014d10000)]

Stack: [0x0000000014c10000,0x0000000014d10000]
[error occurred during error reporting (printing stack bounds), id 0xc0000005]

Native frames: (J=compiled Java code, j=interpreted, Vv=VM code, C=native code)


Current CompileTask:
C2:  23063  962       4       org.objectweb.asm.ClassReader::readField (664 bytes)


---------------  P R O C E S S  ---------------

Java Threads: ( => current thread )
  0x000000001352d800 JavaThread "Service Thread" daemon [_thread_blocked, id=154088, stack(0x0000000015210000,0x0000000015310000)]
  0x00000000134db000 JavaThread "C1 CompilerThread2" daemon [_thread_blocked, id=154060, stack(0x0000000014d10000,0x0000000014e10000)]
=>0x00000000134d3000 JavaThread "C2 CompilerThread1" daemon [_thread_in_native, id=153988, stack(0x0000000014c10000,0x0000000014d10000)]
  0x00000000134e0000 JavaThread "C2 CompilerThread0" daemon [_thread_blocked, id=154008, stack(0x0000000014b10000,0x0000000014c10000)]
  0x00000000134df000 JavaThread "Attach Listener" daemon [_thread_blocked, id=153808, stack(0x0000000014a10000,0x0000000014b10000)]
  0x00000000134dd800 JavaThread "Signal Dispatcher" daemon [_thread_blocked, id=153724, stack(0x0000000014910000,0x0000000014a10000)]
  0x00000000134bf800 JavaThread "Finalizer" daemon [_thread_blocked, id=153712, stack(0x0000000014720000,0x0000000014820000)]
  0x00000000030fb000 JavaThread "Reference Handler" daemon [_thread_blocked, id=153800, stack(0x0000000014620000,0x0000000014720000)]
  0x0000000003009800 JavaThread "main" [_thread_in_native, id=153188, stack(0x0000000002f00000,0x0000000003000000)]

Other Threads:
  0x0000000013496000 VMThread [stack: 0x0000000014520000,0x0000000014620000] [id=145276]
  0x0000000014e42800 WatcherThread [stack: 0x0000000015310000,0x0000000015410000] [id=152756]

VM state:not at safepoint (normal execution)

VM Mutex/Monitor currently owned by a thread: None

Heap:
 PSYoungGen      total 18944K, used 15191K [0x00000000feb00000, 0x0000000100000000, 0x0000000100000000)
  eden space 16384K, 77% used [0x00000000feb00000,0x00000000ff75b4c8,0x00000000ffb00000)
  from space 2560K, 99% used [0x00000000ffd80000,0x00000000ffffa960,0x0000000100000000)
  to   space 2560K, 0% used [0x00000000ffb00000,0x00000000ffb00000,0x00000000ffd80000)
 ParOldGen       total 44032K, used 5861K [0x00000000fc000000, 0x00000000feb00000, 0x00000000feb00000)
  object space 44032K, 13% used [0x00000000fc000000,0x00000000fc5b9748,0x00000000feb00000)
 Metaspace       used 7392K, capacity 7640K, committed 7936K, reserved 1056768K
  class space    used 851K, capacity 938K, committed 1024K, reserved 1048576K

Card table byte_map: [0x00000000124c0000,0x00000000124f0000] byte_map_base: 0x0000000011ce0000

Marking Bits: (ParMarkBitMap*) 0x0000000077944970
 Begin Bits: [0x0000000012910000, 0x0000000012a10000)
 End Bits:   [0x0000000012a10000, 0x0000000012b10000)

Polling page: 0x0000000002e80000

CodeCache: size=245760Kb used=3470Kb max_used=3470Kb free=242289Kb
 bounds [0x0000000003100000, 0x0000000003470000, 0x0000000012100000]
 total_blobs=1286 nmethods=962 adapters=238
 compilation: enabled

Compilation events (10 events):
Event: 22.738 Thread 0x00000000134db000 nmethod 958 0x0000000003461090 code [0x0000000003461200, 0x0000000003461410]
Event: 22.766 Thread 0x00000000134db000  959   !   3       java.nio.file.Files::exists (44 bytes)
Event: 22.767 Thread 0x00000000134db000 nmethod 959 0x00000000034645d0 code [0x00000000034647e0, 0x00000000034651c8]
Event: 22.767 Thread 0x00000000134db000  960       3       java.nio.file.Files::followLinks (66 bytes)
Event: 22.768 Thread 0x00000000134db000 nmethod 960 0x00000000034608d0 code [0x0000000003460a60, 0x0000000003460e78]
Event: 22.853 Thread 0x00000000134db000  961       3       sun.nio.fs.AbstractPath::toFile (12 bytes)
Event: 22.854 Thread 0x00000000134db000 nmethod 961 0x0000000003465790 code [0x0000000003465900, 0x0000000003465bb8]
Event: 22.901 Thread 0x00000000134d3000  962       4       org.objectweb.asm.ClassReader::readField (664 bytes)
Event: 22.926 Thread 0x00000000134db000  963       3       java.util.AbstractSet::<init> (5 bytes)
Event: 22.926 Thread 0x00000000134db000 nmethod 963 0x0000000003465c90 code [0x0000000003465e00, 0x0000000003466010]

GC Heap History (4 events):
Event: 15.641 GC heap before
{Heap before GC invocations=1 (full 0):
 PSYoungGen      total 18944K, used 16384K [0x00000000feb00000, 0x0000000100000000, 0x0000000100000000)
  eden space 16384K, 100% used [0x00000000feb00000,0x00000000ffb00000,0x00000000ffb00000)
  from space 2560K, 0% used [0x00000000ffd80000,0x00000000ffd80000,0x0000000100000000)
  to   space 2560K, 0% used [0x00000000ffb00000,0x00000000ffb00000,0x00000000ffd80000)
 ParOldGen       total 44032K, used 0K [0x00000000fc000000, 0x00000000feb00000, 0x00000000feb00000)
  object space 44032K, 0% used [0x00000000fc000000,0x00000000fc000000,0x00000000feb00000)
 Metaspace       used 6714K, capacity 6922K, committed 7040K, reserved 1056768K
  class space    used 791K, capacity 871K, committed 896K, reserved 1048576K
Event: 15.646 GC heap after
Heap after GC invocations=1 (full 0):
 PSYoungGen      total 18944K, used 2528K [0x00000000feb00000, 0x0000000100000000, 0x0000000100000000)
  eden space 16384K, 0% used [0x00000000feb00000,0x00000000feb00000,0x00000000ffb00000)
  from space 2560K, 98% used [0x00000000ffb00000,0x00000000ffd78120,0x00000000ffd80000)
  to   space 2560K, 0% used [0x00000000ffd80000,0x00000000ffd80000,0x0000000100000000)
 ParOldGen       total 44032K, used 1464K [0x00000000fc000000, 0x00000000feb00000, 0x00000000feb00000)
  object space 44032K, 3% used [0x00000000fc000000,0x00000000fc16e0f8,0x00000000feb00000)
 Metaspace       used 6714K, capacity 6922K, committed 7040K, reserved 1056768K
  class space    used 791K, capacity 871K, committed 896K, reserved 1048576K
}
Event: 19.393 GC heap before
{Heap before GC invocations=2 (full 0):
 PSYoungGen      total 18944K, used 18912K [0x00000000feb00000, 0x0000000100000000, 0x0000000100000000)
  eden space 16384K, 100% used [0x00000000feb00000,0x00000000ffb00000,0x00000000ffb00000)
  from space 2560K, 98% used [0x00000000ffb00000,0x00000000ffd78120,0x00000000ffd80000)
  to   space 2560K, 0% used [0x00000000ffd80000,0x00000000ffd80000,0x0000000100000000)
 ParOldGen       total 44032K, used 1464K [0x00000000fc000000, 0x00000000feb00000, 0x00000000feb00000)
  object space 44032K, 3% used [0x00000000fc000000,0x00000000fc16e0f8,0x00000000feb00000)
 Metaspace       used 6928K, capacity 7128K, committed 7296K, reserved 1056768K
  class space    used 811K, capacity 874K, committed 896K, reserved 1048576K
Event: 19.413 GC heap after
Heap after GC invocations=2 (full 0):
 PSYoungGen      total 18944K, used 2538K [0x00000000feb00000, 0x0000000100000000, 0x0000000100000000)
  eden space 16384K, 0% used [0x00000000feb00000,0x00000000feb00000,0x00000000ffb00000)
  from space 2560K, 99% used [0x00000000ffd80000,0x00000000ffffa960,0x0000000100000000)
  to   space 2560K, 0% used [0x00000000ffb00000,0x00000000ffb00000,0x00000000ffd80000)
 ParOldGen       total 44032K, used 5861K [0x00000000fc000000, 0x00000000feb00000, 0x00000000feb00000)
  object space 44032K, 13% used [0x00000000fc000000,0x00000000fc5b9748,0x00000000feb00000)
 Metaspace       used 6928K, capacity 7128K, committed 7296K, reserved 1056768K
  class space    used 811K, capacity 874K, committed 896K, reserved 1048576K
}

Deoptimization events (10 events):
Event: 15.588 Thread 0x0000000003009800 Uncommon trap: reason=unstable_if action=reinterpret pc=0x000000000333bcec method=java.util.zip.ZipFile$ZipEntryIterator.hasNext()Z @ 25
Event: 15.589 Thread 0x0000000003009800 Uncommon trap: reason=unstable_if action=reinterpret pc=0x0000000003344628 method=java.util.zip.ZipCoder.decoder()Ljava/nio/charset/CharsetDecoder; @ 4
Event: 15.589 Thread 0x0000000003009800 Uncommon trap: reason=unstable_if action=reinterpret pc=0x0000000003335358 method=java.util.zip.ZipEntry.setExtra0([BZ)V @ 1
Event: 15.591 Thread 0x0000000003009800 Uncommon trap: reason=unstable_if action=reinterpret pc=0x000000000333c508 method=java.util.zip.ZipFile$ZipEntryIterator.hasNext()Z @ 25
Event: 15.591 Thread 0x0000000003009800 Uncommon trap: reason=unstable_if action=reinterpret pc=0x000000000333f978 method=java.util.zip.ZipCoder.decoder()Ljava/nio/charset/CharsetDecoder; @ 4
Event: 15.616 Thread 0x0000000003009800 Uncommon trap: reason=unstable_if action=reinterpret pc=0x0000000003335d1c method=java.util.zip.ZipCoder.decoder()Ljava/nio/charset/CharsetDecoder; @ 4
Event: 15.671 Thread 0x0000000003009800 Uncommon trap: reason=unstable_if action=reinterpret pc=0x000000000334204c method=java.util.zip.ZipCoder.decoder()Ljava/nio/charset/CharsetDecoder; @ 4
Event: 15.672 Thread 0x0000000003009800 Uncommon trap: reason=unstable_if action=reinterpret pc=0x000000000334aa4c method=java.util.zip.ZipCoder.decoder()Ljava/nio/charset/CharsetDecoder; @ 4
Event: 15.672 Thread 0x0000000003009800 Uncommon trap: reason=unstable_if action=reinterpret pc=0x000000000333b42c method=java.util.zip.ZipCoder.decoder()Ljava/nio/charset/CharsetDecoder; @ 4
Event: 19.193 Thread 0x0000000003009800 Uncommon trap: reason=unloaded action=reinterpret pc=0x00000000033519bc method=java.util.zip.ZipEntry.setExtra0([BZ)V @ 37

Classes redefined (0 events):
No events

Internal exceptions (10 events):
Event: 22.739 Thread 0x0000000003009800 Exception <a 'sun/nio/fs/WindowsException'> (0x00000000ff70c428) thrown at [D:\src\AOSP-openjdk-cygwin\jdk8u\hotspot\src\share\vm\prims\jni.cpp, line 709]
Event: 22.766 Thread 0x0000000003009800 Exception <a 'sun/nio/fs/WindowsException'> (0x00000000ff711170) thrown at [D:\src\AOSP-openjdk-cygwin\jdk8u\hotspot\src\share\vm\prims\jni.cpp, line 709]
Event: 22.792 Thread 0x0000000003009800 Exception <a 'sun/nio/fs/WindowsException'> (0x00000000ff715450) thrown at [D:\src\AOSP-openjdk-cygwin\jdk8u\hotspot\src\share\vm\prims\jni.cpp, line 709]
Event: 22.792 Thread 0x0000000003009800 Exception <a 'sun/nio/fs/WindowsException'> (0x00000000ff715b30) thrown at [D:\src\AOSP-openjdk-cygwin\jdk8u\hotspot\src\share\vm\prims\jni.cpp, line 709]
Event: 22.822 Thread 0x0000000003009800 Exception <a 'sun/nio/fs/WindowsException'> (0x00000000ff719320) thrown at [D:\src\AOSP-openjdk-cygwin\jdk8u\hotspot\src\share\vm\prims\jni.cpp, line 709]
Event: 22.890 Thread 0x0000000003009800 Exception <a 'sun/nio/fs/WindowsException'> (0x00000000ff71d940) thrown at [D:\src\AOSP-openjdk-cygwin\jdk8u\hotspot\src\share\vm\prims\jni.cpp, line 709]
Event: 22.901 Thread 0x0000000003009800 Exception <a 'sun/nio/fs/WindowsException'> (0x00000000ff7241f0) thrown at [D:\src\AOSP-openjdk-cygwin\jdk8u\hotspot\src\share\vm\prims\jni.cpp, line 709]
Event: 22.925 Thread 0x0000000003009800 Exception <a 'sun/nio/fs/WindowsException'> (0x00000000ff728f58) thrown at [D:\src\AOSP-openjdk-cygwin\jdk8u\hotspot\src\share\vm\prims\jni.cpp, line 709]
Event: 22.952 Thread 0x0000000003009800 Exception <a 'sun/nio/fs/WindowsException'> (0x00000000ff72f2d8) thrown at [D:\src\AOSP-openjdk-cygwin\jdk8u\hotspot\src\share\vm\prims\jni.cpp, line 709]
Event: 22.968 Thread 0x0000000003009800 Exception <a 'sun/nio/fs/WindowsException'> (0x00000000ff732be0) thrown at [D:\src\AOSP-openjdk-cygwin\jdk8u\hotspot\src\share\vm\prims\jni.cpp, line 709]

Events (10 events):
Event: 20.101 loading class org/objectweb/asm/tree/TypeInsnNode
Event: 20.101 loading class org/objectweb/asm/tree/TypeInsnNode done
Event: 20.101 loading class org/objectweb/asm/tree/IntInsnNode
Event: 20.101 loading class org/objectweb/asm/tree/IntInsnNode done
Event: 20.102 loading class org/objectweb/asm/tree/LdcInsnNode
Event: 20.102 loading class org/objectweb/asm/tree/LdcInsnNode done
Event: 20.103 loading class org/objectweb/asm/tree/InsnList
Event: 20.103 loading class org/objectweb/asm/tree/InsnList done
Event: 20.106 loading class org/objectweb/asm/Edge
Event: 20.106 loading class org/objectweb/asm/Edge done


Dynamic libraries:
0x00007ff70b110000 - 0x00007ff70b141000 	C:\Program Files\Android\Android Studio1\jre\bin\java.exe
0x00007ffe74600000 - 0x00007ffe747c2000 	C:\Windows\SYSTEM32\ntdll.dll
0x00007ffe73fb0000 - 0x00007ffe7405d000 	C:\Windows\system32\KERNEL32.DLL
0x00007ffe71110000 - 0x00007ffe712ed000 	C:\Windows\system32\KERNELBASE.dll
0x00007ffe73bf0000 - 0x00007ffe73c96000 	C:\Windows\system32\ADVAPI32.dll
0x00007ffe73cf0000 - 0x00007ffe73d8d000 	C:\Windows\system32\msvcrt.dll
0x00007ffe72040000 - 0x00007ffe7209b000 	C:\Windows\system32\sechost.dll
0x00007ffe73d90000 - 0x00007ffe73eb6000 	C:\Windows\system32\RPCRT4.dll
0x00007ffe71ef0000 - 0x00007ffe7203e000 	C:\Windows\system32\USER32.dll
0x00007ffe74060000 - 0x00007ffe741e3000 	C:\Windows\system32\GDI32.dll
0x00007ffe68470000 - 0x00007ffe686e4000 	C:\Windows\WinSxS\amd64_microsoft.windows.common-controls_6595b64144ccf1df_6.0.10240.17184_none_f41d7a705752bce6\COMCTL32.dll
0x00007ffe73ca0000 - 0x00007ffe73cd6000 	C:\Windows\system32\IMM32.DLL
0x00007ffe744a0000 - 0x00007ffe745fc000 	C:\Windows\system32\MSCTF.dll
0x00000000770a0000 - 0x0000000077172000 	C:\Program Files\Android\Android Studio1\jre\jre\bin\msvcr100.dll
0x0000000077180000 - 0x00000000779bf000 	C:\Program Files\Android\Android Studio1\jre\jre\bin\server\jvm.dll
0x00007ffe71d20000 - 0x00007ffe71d28000 	C:\Windows\system32\PSAPI.DLL
0x00007ffe66a00000 - 0x00007ffe66a0a000 	C:\Windows\SYSTEM32\VERSION.dll
0x00007ffe6f1b0000 - 0x00007ffe6f1d3000 	C:\Windows\SYSTEM32\WINMM.dll
0x00007ffe6f720000 - 0x00007ffe6f729000 	C:\Windows\SYSTEM32\WSOCK32.dll
0x00007ffe73b80000 - 0x00007ffe73be9000 	C:\Windows\system32\WS2_32.dll
0x0000000002e50000 - 0x0000000002e7c000 	C:\Windows\SYSTEM32\WINMMBASE.dll
0x00007ffe73ce0000 - 0x00007ffe73ce8000 	C:\Windows\system32\NSI.dll
0x00007ffe710c0000 - 0x00007ffe71104000 	C:\Windows\system32\cfgmgr32.dll
0x00007ffe6f9a0000 - 0x00007ffe6f9c7000 	C:\Windows\SYSTEM32\DEVOBJ.dll
0x00007ffe6c670000 - 0x00007ffe6c67f000 	C:\Program Files\Android\Android Studio1\jre\jre\bin\verify.dll
0x00007ffe63410000 - 0x00007ffe63439000 	C:\Program Files\Android\Android Studio1\jre\jre\bin\java.dll
0x00007ffe67f50000 - 0x00007ffe67f66000 	C:\Program Files\Android\Android Studio1\jre\jre\bin\zip.dll
0x00007ffe722c0000 - 0x00007ffe737e3000 	C:\Windows\system32\SHELL32.dll
0x00007ffe715d0000 - 0x00007ffe71bf9000 	C:\Windows\system32\windows.storage.dll
0x00007ffe73900000 - 0x00007ffe73b7c000 	C:\Windows\system32\combase.dll
0x00007ffe737f0000 - 0x00007ffe73841000 	C:\Windows\system32\shlwapi.dll
0x00007ffe71040000 - 0x00007ffe7104f000 	C:\Windows\system32\kernel.appcore.dll
0x00007ffe71c00000 - 0x00007ffe71cb3000 	C:\Windows\system32\shcore.dll
0x00007ffe71050000 - 0x00007ffe7109a000 	C:\Windows\system32\powrprof.dll
0x00007ffe71020000 - 0x00007ffe71033000 	C:\Windows\system32\profapi.dll
0x00007ffe708f0000 - 0x00007ffe70907000 	C:\Windows\SYSTEM32\CRYPTSP.dll
0x00007ffe70f50000 - 0x00007ffe70f78000 	C:\Windows\SYSTEM32\bcrypt.dll
0x00007ffe70540000 - 0x00007ffe70573000 	C:\Windows\system32\rsaenh.dll
0x00007ffe706e0000 - 0x00007ffe706ff000 	C:\Windows\SYSTEM32\USERENV.dll
0x00007ffe70e40000 - 0x00007ffe70eab000 	C:\Windows\system32\bcryptprimitives.dll
0x00007ffe70a40000 - 0x00007ffe70a4b000 	C:\Windows\SYSTEM32\CRYPTBASE.dll
0x00007ffe67b40000 - 0x00007ffe67b5a000 	C:\Program Files\Android\Android Studio1\jre\jre\bin\net.dll
0x00007ffe70890000 - 0x00007ffe708ed000 	C:\Windows\system32\mswsock.dll
0x00007ffe6d670000 - 0x00007ffe6d6a8000 	C:\Windows\SYSTEM32\IPHLPAPI.DLL
0x00007ffe6d510000 - 0x00007ffe6d51b000 	C:\Windows\SYSTEM32\WINNSI.DLL
0x00007ffe69d80000 - 0x00007ffe69d96000 	C:\Windows\SYSTEM32\dhcpcsvc6.DLL
0x00007ffe69d60000 - 0x00007ffe69d7a000 	C:\Windows\SYSTEM32\dhcpcsvc.DLL
0x00007ffe66030000 - 0x00007ffe66041000 	C:\Program Files\Android\Android Studio1\jre\jre\bin\nio.dll

VM Arguments:
jvm_args: -Djava.awt.headless=true -Xmx64M -Dfile.encoding=windows-1252 -Duser.country=US -Duser.language=en -Duser.variant 
java_command: com.google.devtools.build.android.desugar.Desugar --input C:\emarketvendor\app\build\intermediates\classes\debug --output C:\emarketvendor\app\build\intermediates\transforms\desugar\debug\0 --classpath_entry C:\emarketvendor\app\build\intermediates\classes\debug --classpath_entry C:\emarketvendor\app\build\intermediates\transforms\stackFramesFixer\debug\64.jar --classpath_entry C:\emarketvendor\app\build\intermediates\transforms\stackFramesFixer\debug\99.jar --classpath_entry C:\emarketvendor\app\build\intermediates\transforms\stackFramesFixer\debug\21.jar --classpath_entry C:\emarketvendor\app\build\intermediates\transforms\stackFramesFixer\debug\48.jar --classpath_entry C:\emarketvendor\app\build\intermediates\transforms\stackFramesFixer\debug\72.jar --classpath_entry C:\emarketvendor\app\build\intermediates\transforms\stackFramesFixer\debug\146.jar --classpath_entry C:\emarketvendor\app\build\intermediates\transforms\stackFramesFixer\debug\0.jar --classpath_entry C:\emarketvendor\app\build\intermediates\transforms\stackFramesFixer\debug\90.jar --classpath_entry C:\emarketvendor\app\build\intermediates\transforms\stackFramesFixer\debug\103.jar --classpath_entry C:\emarketvendor\app\build\intermediates\transforms\stackFramesFixer\debug\2.jar --classpath_entry C:\emarketvendor\app\build\intermediates\transforms\stackFramesFixer\debug\38.jar --classpath_entry C:\emarketvendor\app\build\intermediates\transforms\stackFramesFixer\debug\82.jar --classpath_entry C:\emarketvendor\app\build\intermediates\transforms\stackFramesFixer\debug\144.jar --classpath_entry C:\emarketvendor\app\build\intermediates\transforms\stackFramesFixer\debug\138.jar --classpath_entry C:\emarketvendor\app\build\intermediates\transforms\stackFramesFixer\debug\74.jar --classpath_entry C:\emarketvendor\app\build\intermediates\transforms\stackFramesFixer\debug\152.jar --classpath_entry C:\emarketvendor\app\build\intermediates\transforms\stackFramesFixer\debug\56.jar --classpath_entry 
java_class_path (initial): C:\Users\ALEXANDRE\AppData\Local\Temp\desugar_deploy.jar8549076322634610020
Launcher Type: SUN_STANDARD

Environment Variables:
JAVA_HOME=C:\Program Files\Java\jdk1.8.0_121
PATH=C:\ProgramData\Oracle\Java\javapath;C:\Windows\system32;C:\Windows;C:\Windows\System32\Wbem;C:\Windows\System32\WindowsPowerShell\v1.0\;C:\Qt\Qt5.6.2\5.6\mingw49_32\bin;C:\Qt\Qt5.6.2\Tools\QtCreator\bin;C:\vstudio;C:\Program Files\Java\jdk1.8.0_121\bin;C:\Qt\Qt5.6.2\5.6\mingw49_32\bin;C:\Qt\Qt5.6.2\Tools\mingw492_32;C:\Program Files (x86)\Windows Kits\8.1\Windows Performance Toolkit\;C:\Program Files (x86)\Microsoft Emulator Manager\1.0\C:\MinGW\bin;C:\MinGW\include;C:\MinGW\mingw32\bin;C:\Qt\Qt5.6.2\Tools\mingw492_32\bin;C:\Users\ALEXANDRE\Desktop\gradle-3.5\bin;C:\Program Files\Android\Android Studio\bin;C:\Program Files\Microsoft\Web Platform Installer\;C:\Program Files (x86)\Microsoft ASP.NET\ASP.NET Web Pages\v1.0\;C:\Program Files\Microsoft SQL Server\110\Tools\Binn\;C:\Program Files (x86)\MATLAB\R2013\runtime\win32;C:\Program Files (x86)\MATLAB\R2013\bin;C:\Program Files (x86)\Common Files\lenovo\easyplussdk\bin;C:\android-studio-ide-162.3934792-windows\android-studio\gradle\gradle-4.6-bin;C:\Users\ALEXANDRE\Desktop\bin;C:\Program Files (x86)\Git\cmd;C:\Program Files\Java\jre7\bin;;C:\Program Files (x86)\Microsoft VS Code\bin
USERNAME=ALEXANDRE
OS=Windows_NT
PROCESSOR_IDENTIFIER=Intel64 Family 6 Model 42 Stepping 7, GenuineIntel



---------------  S Y S T E M  ---------------

OS: Windows 10.0 , 64 bit Build 10240 (10.0.10240.17113)

CPU:total 4 (initial active 4) (2 cores per cpu, 2 threads per core) family 6 model 42 stepping 7, cmov, cx8, fxsr, mmx, sse, sse2, sse3, ssse3, sse4.1, sse4.2, popcnt, avx, clmul, ht, tsc, tscinvbit

Memory: 4k page, physical 4140908k(307092k free), swap 5575532k(5328k free)

vm_info: OpenJDK 64-Bit Server VM (25.152-b02) for windows-amd64 JRE (1.8.0_152-release-1024-b02), built by "builder" with MS VC++ 10.0 (VS2010)

time: Mon Feb 18 00:05:28 2019
elapsed time: 23 seconds (0d 0h 0m 23s)

