#
# There is insufficient memory for the Java Runtime Environment to continue.
# Native memory allocation (malloc) failed to allocate 32744 bytes for ChunkPool::allocate
# Possible reasons:
#   The system is out of physical RAM or swap space
#   In 32 bit mode, the process size limit was hit
# Possible solutions:
#   Reduce memory load on the system
#   Increase physical memory or swap space
#   Check if swap backing store is full
#   Use 64 bit Java on a 64 bit OS
#   Decrease Java heap size (-Xmx/-Xms)
#   Decrease number of Java threads
#   Decrease Java thread stack sizes (-Xss)
#   Set larger code cache with -XX:ReservedCodeCacheSize=
# This output file may be truncated or incomplete.
#
#  Out of Memory Error (allocation.cpp:273), pid=187464, tid=0x000000000002b030
#
# JRE version: OpenJDK Runtime Environment (8.0_152-b02) (build 1.8.0_152-release-1024-b02)
# Java VM: OpenJDK 64-Bit Server VM (25.152-b02 mixed mode windows-amd64 compressed oops)
# Failed to write core dump. Minidumps are not enabled by default on client versions of Windows
#

---------------  T H R E A D  ---------------

Current thread (0x0000000013f58800):  JavaThread "C1 CompilerThread2" daemon [_thread_in_native, id=176176, stack(0x0000000014350000,0x0000000014450000)]

Stack: [0x0000000014350000,0x0000000014450000]
[error occurred during error reporting (printing stack bounds), id 0xc0000005]

Native frames: (J=compiled Java code, j=interpreted, Vv=VM code, C=native code)


Current CompileTask:
C1:    295   50   !   3       java.lang.StringCoding::decode (120 bytes)


---------------  P R O C E S S  ---------------

Java Threads: ( => current thread )
  0x0000000013f69800 JavaThread "Service Thread" daemon [_thread_blocked, id=167044, stack(0x0000000014450000,0x0000000014550000)]
=>0x0000000013f58800 JavaThread "C1 CompilerThread2" daemon [_thread_in_native, id=176176, stack(0x0000000014350000,0x0000000014450000)]
  0x0000000012717000 JavaThread "C2 CompilerThread1" daemon [_thread_blocked, id=159220, stack(0x0000000013e50000,0x0000000013f50000)]
  0x0000000012713000 JavaThread "C2 CompilerThread0" daemon [_thread_blocked, id=169008, stack(0x0000000013d50000,0x0000000013e50000)]
  0x0000000012711800 JavaThread "Attach Listener" daemon [_thread_blocked, id=184804, stack(0x0000000013c50000,0x0000000013d50000)]
  0x0000000012710800 JavaThread "Signal Dispatcher" daemon [_thread_blocked, id=168708, stack(0x0000000013b50000,0x0000000013c50000)]
  0x00000000126ec000 JavaThread "Finalizer" daemon [_thread_blocked, id=168252, stack(0x0000000013960000,0x0000000013a60000)]
  0x000000000235d800 JavaThread "Reference Handler" daemon [_thread_blocked, id=169528, stack(0x0000000013860000,0x0000000013960000)]
  0x000000000226d000 JavaThread "main" [_thread_in_vm, id=187836, stack(0x0000000002160000,0x0000000002260000)]

Other Threads:
  0x00000000126c6000 VMThread [stack: 0x0000000013760000,0x0000000013860000] [id=165284]
  0x0000000013f6b800 WatcherThread [stack: 0x0000000014550000,0x0000000014650000] [id=182688]

VM state:not at safepoint (normal execution)

VM Mutex/Monitor currently owned by a thread: None

Heap:
 PSYoungGen      total 18944K, used 1641K [0x00000000feb00000, 0x0000000100000000, 0x0000000100000000)
  eden space 16384K, 10% used [0x00000000feb00000,0x00000000fec9a6e0,0x00000000ffb00000)
  from space 2560K, 0% used [0x00000000ffd80000,0x00000000ffd80000,0x0000000100000000)
  to   space 2560K, 0% used [0x00000000ffb00000,0x00000000ffb00000,0x00000000ffd80000)
 ParOldGen       total 44032K, used 0K [0x00000000fc000000, 0x00000000feb00000, 0x00000000feb00000)
  object space 44032K, 0% used [0x00000000fc000000,0x00000000fc000000,0x00000000feb00000)
 Metaspace       used 3329K, capacity 4652K, committed 4864K, reserved 1056768K
  class space    used 350K, capacity 424K, committed 512K, reserved 1048576K

Card table byte_map: [0x00000000008f0000,0x0000000000920000] byte_map_base: 0x0000000000110000

Marking Bits: (ParMarkBitMap*) 0x00000000523f4970
 Begin Bits: [0x0000000011b40000, 0x0000000011c40000)
 End Bits:   [0x0000000011c40000, 0x0000000011d40000)

Polling page: 0x00000000008b0000

CodeCache: size=245760Kb used=1140Kb max_used=1140Kb free=244619Kb
 bounds [0x0000000002360000, 0x00000000025d0000, 0x0000000011360000]
 total_blobs=296 nmethods=49 adapters=162
 compilation: enabled

Compilation events (10 events):
Event: 0.273 Thread 0x0000000013f58800 nmethod 45 0x0000000002479d50 code [0x0000000002479ea0, 0x000000000247a090]
Event: 0.273 Thread 0x0000000013f58800   46       3       java.lang.ThreadLocal::getMap (5 bytes)
Event: 0.273 Thread 0x0000000013f58800 nmethod 46 0x000000000247a110 code [0x000000000247a260, 0x000000000247a3b0]
Event: 0.274 Thread 0x0000000013f58800   47       3       java.lang.ThreadLocal::get (38 bytes)
Event: 0.275 Thread 0x0000000013f58800 nmethod 47 0x000000000247a450 code [0x000000000247a5e0, 0x000000000247a938]
Event: 0.275 Thread 0x0000000013f58800   48       3       java.lang.String::checkBounds (46 bytes)
Event: 0.275 Thread 0x0000000013f58800 nmethod 48 0x000000000247ab10 code [0x000000000247aca0, 0x000000000247b008]
Event: 0.275 Thread 0x0000000013f58800   49       3       java.lang.String::<init> (38 bytes)
Event: 0.276 Thread 0x0000000013f58800 nmethod 49 0x000000000247b1d0 code [0x000000000247b360, 0x000000000247b6a8]
Event: 0.276 Thread 0x0000000013f58800   50   !   3       java.lang.StringCoding::decode (120 bytes)

GC Heap History (0 events):
No events

Deoptimization events (0 events):
No events

Classes redefined (0 events):
No events

Internal exceptions (2 events):
Event: 0.052 Thread 0x000000000226d000 Exception <a 'java/lang/NoSuchMethodError': Method sun.misc.Unsafe.defineClass(Ljava/lang/String;[BII)Ljava/lang/Class; name or signature does not match> (0x00000000feb07ca8) thrown at [D:\src\AOSP-openjdk-cygwin\jdk8u\hotspot\src\share\vm\prims\jni.cpp, 
Event: 0.052 Thread 0x000000000226d000 Exception <a 'java/lang/NoSuchMethodError': Method sun.misc.Unsafe.prefetchRead(Ljava/lang/Object;J)V name or signature does not match> (0x00000000feb07f90) thrown at [D:\src\AOSP-openjdk-cygwin\jdk8u\hotspot\src\share\vm\prims\jni.cpp, line 4011]

Events (10 events):
Event: 0.259 loading class java/io/IOException
Event: 0.259 loading class java/io/IOException done
Event: 0.259 loading class java/io/IOError
Event: 0.259 loading class java/io/IOError done
Event: 0.260 loading class com/google/devtools/build/android/desugar/OutputFileProvider
Event: 0.260 loading class com/google/devtools/build/android/desugar/OutputFileProvider done
Event: 0.260 loading class com/google/devtools/build/android/desugar/CoreLibraryRewriter$UnprefixingClassWriter
Event: 0.260 loading class com/google/devtools/build/android/desugar/CoreLibraryRewriter$UnprefixingClassWriter done
Event: 0.261 loading class java/lang/Void
Event: 0.261 loading class java/lang/Void done


Dynamic libraries:
0x00007ff63f770000 - 0x00007ff63f7a1000 	C:\Program Files\Android\Android Studio1\jre\bin\java.exe
0x00007ffa8f1d0000 - 0x00007ffa8f392000 	C:\Windows\SYSTEM32\ntdll.dll
0x00007ffa8cc10000 - 0x00007ffa8ccbd000 	C:\Windows\system32\KERNEL32.DLL
0x00007ffa8c6b0000 - 0x00007ffa8c88d000 	C:\Windows\system32\KERNELBASE.dll
0x00007ffa8d4e0000 - 0x00007ffa8d586000 	C:\Windows\system32\ADVAPI32.dll
0x00007ffa8c890000 - 0x00007ffa8c92d000 	C:\Windows\system32\msvcrt.dll
0x00007ffa8d810000 - 0x00007ffa8d86b000 	C:\Windows\system32\sechost.dll
0x00007ffa8d2a0000 - 0x00007ffa8d3c6000 	C:\Windows\system32\RPCRT4.dll
0x00007ffa8d8d0000 - 0x00007ffa8da1e000 	C:\Windows\system32\USER32.dll
0x00007ffa8c930000 - 0x00007ffa8cab3000 	C:\Windows\system32\GDI32.dll
0x00007ffa82580000 - 0x00007ffa827f4000 	C:\Windows\WinSxS\amd64_microsoft.windows.common-controls_6595b64144ccf1df_6.0.10240.17184_none_f41d7a705752bce6\COMCTL32.dll
0x00007ffa8d3d0000 - 0x00007ffa8d406000 	C:\Windows\system32\IMM32.DLL
0x00007ffa8dad0000 - 0x00007ffa8dc2c000 	C:\Windows\system32\MSCTF.dll
0x0000000051b50000 - 0x0000000051c22000 	C:\Program Files\Android\Android Studio1\jre\jre\bin\msvcr100.dll
0x0000000051c30000 - 0x000000005246f000 	C:\Program Files\Android\Android Studio1\jre\jre\bin\server\jvm.dll
0x00007ffa8cfc0000 - 0x00007ffa8cfc8000 	C:\Windows\system32\PSAPI.DLL
0x00007ffa8a130000 - 0x00007ffa8a139000 	C:\Windows\SYSTEM32\WSOCK32.dll
0x00007ffa8dc30000 - 0x00007ffa8dc99000 	C:\Windows\system32\WS2_32.dll
0x00007ffa8cfb0000 - 0x00007ffa8cfb8000 	C:\Windows\system32\NSI.dll
0x00007ffa89bd0000 - 0x00007ffa89bf3000 	C:\Windows\SYSTEM32\WINMM.dll
0x00007ffa82a50000 - 0x00007ffa82a5a000 	C:\Windows\SYSTEM32\VERSION.dll
0x00007ffa89b70000 - 0x00007ffa89b9c000 	C:\Windows\SYSTEM32\WINMMBASE.dll
0x00007ffa8bc90000 - 0x00007ffa8bcd4000 	C:\Windows\system32\cfgmgr32.dll
0x00007ffa8a570000 - 0x00007ffa8a597000 	C:\Windows\SYSTEM32\DEVOBJ.dll
0x00007ffa8a100000 - 0x00007ffa8a10f000 	C:\Program Files\Android\Android Studio1\jre\jre\bin\verify.dll
0x00007ffa87580000 - 0x00007ffa875a9000 	C:\Program Files\Android\Android Studio1\jre\jre\bin\java.dll
0x00007ffa88590000 - 0x00007ffa885a6000 	C:\Program Files\Android\Android Studio1\jre\jre\bin\zip.dll
0x00007ffa8dca0000 - 0x00007ffa8f1c3000 	C:\Windows\system32\SHELL32.dll
0x00007ffa8be50000 - 0x00007ffa8c479000 	C:\Windows\system32\windows.storage.dll
0x00007ffa8cd30000 - 0x00007ffa8cfac000 	C:\Windows\system32\combase.dll
0x00007ffa8d750000 - 0x00007ffa8d7a1000 	C:\Windows\system32\shlwapi.dll
0x00007ffa8bc10000 - 0x00007ffa8bc1f000 	C:\Windows\system32\kernel.appcore.dll
0x00007ffa8bce0000 - 0x00007ffa8bd93000 	C:\Windows\system32\shcore.dll
0x00007ffa8bc20000 - 0x00007ffa8bc6a000 	C:\Windows\system32\powrprof.dll
0x00007ffa8bbf0000 - 0x00007ffa8bc03000 	C:\Windows\system32\profapi.dll

VM Arguments:
jvm_args: -Djava.awt.headless=true -Xmx64M -Dfile.encoding=windows-1252 -Duser.country=US -Duser.language=en -Duser.variant 
java_command: com.google.devtools.build.android.desugar.Desugar --input C:\emarketvendor\app\build\intermediates\transforms\stackFramesFixer\debug\17.jar --output C:\emarketvendor\app\build\intermediates\transforms\desugar\debug\18.jar --input C:\emarketvendor\app\build\intermediates\classes\debug --output C:\emarketvendor\app\build\intermediates\transforms\desugar\debug\0 --input C:\emarketvendor\app\build\intermediates\transforms\stackFramesFixer\debug\77.jar --output C:\emarketvendor\app\build\intermediates\transforms\desugar\debug\78.jar --input C:\emarketvendor\app\build\intermediates\transforms\stackFramesFixer\debug\135.jar --output C:\emarketvendor\app\build\intermediates\transforms\desugar\debug\136.jar --input C:\emarketvendor\app\build\intermediates\transforms\stackFramesFixer\debug\55.jar --output C:\emarketvendor\app\build\intermediates\transforms\desugar\debug\56.jar --input C:\emarketvendor\app\build\intermediates\transforms\stackFramesFixer\debug\25.jar --output C:\emarketvendor\app\build\intermediates\transforms\desugar\debug\26.jar --input C:\emarketvendor\app\build\intermediates\transforms\stackFramesFixer\debug\12.jar --output C:\emarketvendor\app\build\intermediates\transforms\desugar\debug\13.jar --input C:\emarketvendor\app\build\intermediates\transforms\stackFramesFixer\debug\46.jar --output C:\emarketvendor\app\build\intermediates\transforms\desugar\debug\47.jar --input C:\emarketvendor\app\build\intermediates\transforms\stackFramesFixer\debug\98.jar --output C:\emarketvendor\app\build\intermediates\transforms\desugar\debug\99.jar --input C:\emarketvendor\app\build\intermediates\transforms\stackFramesFixer\debug\89.jar --output C:\emarketvendor\app\build\intermediates\transforms\desugar\debug\90.jar --input C:\emarketvendor\app\build\intermediates\transforms\stackFramesFixer\debug\30.jar --output C:\emarketvendor\app\build\intermediates\transforms\desugar\debug\31.jar --input C:\emarketvendor\app\build\intermediates\transforms\stackFramesF
java_class_path (initial): C:\Users\ALEXANDRE\AppData\Local\Temp\desugar_deploy.jar964553626686129231
Launcher Type: SUN_STANDARD

Environment Variables:
JAVA_HOME=C:\Program Files\Java\jdk1.8.0_121
PATH=C:\ProgramData\Oracle\Java\javapath;C:\Windows\system32;C:\Windows;C:\Windows\System32\Wbem;C:\Windows\System32\WindowsPowerShell\v1.0\;C:\Qt\Qt5.6.2\5.6\mingw49_32\bin;C:\Qt\Qt5.6.2\Tools\QtCreator\bin;C:\vstudio;C:\Program Files\Java\jdk1.8.0_121\bin;C:\Qt\Qt5.6.2\5.6\mingw49_32\bin;C:\Qt\Qt5.6.2\Tools\mingw492_32;C:\Program Files (x86)\Windows Kits\8.1\Windows Performance Toolkit\;C:\Program Files (x86)\Microsoft Emulator Manager\1.0\C:\MinGW\bin;C:\MinGW\include;C:\MinGW\mingw32\bin;C:\Qt\Qt5.6.2\Tools\mingw492_32\bin;C:\Users\ALEXANDRE\Desktop\gradle-3.5\bin;C:\Program Files\Android\Android Studio\bin;C:\Program Files\Microsoft\Web Platform Installer\;C:\Program Files (x86)\Microsoft ASP.NET\ASP.NET Web Pages\v1.0\;C:\Program Files\Microsoft SQL Server\110\Tools\Binn\;C:\Program Files (x86)\MATLAB\R2013\runtime\win32;C:\Program Files (x86)\MATLAB\R2013\bin;C:\Program Files (x86)\Common Files\lenovo\easyplussdk\bin;C:\android-studio-ide-162.3934792-windows\android-studio\gradle\gradle-4.6-bin;C:\Users\ALEXANDRE\Desktop\bin;C:\Program Files (x86)\Git\cmd;C:\Program Files\Java\jre7\bin;;C:\Program Files (x86)\Microsoft VS Code\bin
USERNAME=ALEXANDRE
OS=Windows_NT
PROCESSOR_IDENTIFIER=Intel64 Family 6 Model 42 Stepping 7, GenuineIntel



---------------  S Y S T E M  ---------------

OS: Windows 10.0 , 64 bit Build 10240 (10.0.10240.17113)

CPU:total 4 (initial active 4) (2 cores per cpu, 2 threads per core) family 6 model 42 stepping 7, cmov, cx8, fxsr, mmx, sse, sse2, sse3, ssse3, sse4.1, sse4.2, popcnt, avx, clmul, ht, tsc, tscinvbit

Memory: 4k page, physical 4140908k(277688k free), swap 5575532k(416k free)

vm_info: OpenJDK 64-Bit Server VM (25.152-b02) for windows-amd64 JRE (1.8.0_152-release-1024-b02), built by "builder" with MS VC++ 10.0 (VS2010)

time: Mon Nov 12 13:47:26 2018
elapsed time: 0 seconds (0d 0h 0m 0s)

